c:\users\jarne\documents\dae\sem_3\gameplay_prog\graph_theory\source\tempfiles\release\gpp_framework.pch
c:\users\jarne\documents\dae\sem_3\gameplay_prog\graph_theory\source\tempfiles\release\vc143.pdb
c:\users\jarne\documents\dae\sem_3\gameplay_prog\graph_theory\source\tempfiles\release\stdafx.obj
c:\users\jarne\documents\dae\sem_3\gameplay_prog\graph_theory\source\tempfiles\release\erigidbodybox2d.obj
c:\users\jarne\documents\dae\sem_3\gameplay_prog\graph_theory\source\tempfiles\release\sandboxagent.obj
c:\users\jarne\documents\dae\sem_3\gameplay_prog\graph_theory\source\tempfiles\release\flock.obj
c:\users\jarne\documents\dae\sem_3\gameplay_prog\graph_theory\source\tempfiles\release\sdldebugrenderer2d.obj
c:\users\jarne\documents\dae\sem_3\gameplay_prog\graph_theory\source\tempfiles\release\spacepartitioning.obj
c:\users\jarne\documents\dae\sem_3\gameplay_prog\graph_theory\source\tempfiles\release\egraphnodetypes.obj
c:\users\jarne\documents\dae\sem_3\gameplay_prog\graph_theory\source\tempfiles\release\sdlwindow.obj
c:\users\jarne\documents\dae\sem_3\gameplay_prog\graph_theory\source\tempfiles\release\app_combinedsteering.obj
c:\users\jarne\documents\dae\sem_3\gameplay_prog\graph_theory\source\tempfiles\release\steeringagent.obj
c:\users\jarne\documents\dae\sem_3\gameplay_prog\graph_theory\source\tempfiles\release\ecamera2d.obj
c:\users\jarne\documents\dae\sem_3\gameplay_prog\graph_theory\source\tempfiles\release\eimmediateui.obj
c:\users\jarne\documents\dae\sem_3\gameplay_prog\graph_theory\source\tempfiles\release\app_sandbox.obj
c:\users\jarne\documents\dae\sem_3\gameplay_prog\graph_theory\source\tempfiles\release\app_flocking.obj
c:\users\jarne\documents\dae\sem_3\gameplay_prog\graph_theory\source\tempfiles\release\obstacle.obj
c:\users\jarne\documents\dae\sem_3\gameplay_prog\graph_theory\source\tempfiles\release\egraphconnectiontypes.obj
c:\users\jarne\documents\dae\sem_3\gameplay_prog\graph_theory\source\tempfiles\release\etimer_sdl.obj
c:\users\jarne\documents\dae\sem_3\gameplay_prog\graph_theory\source\tempfiles\release\app_graphtheory.obj
c:\users\jarne\documents\dae\sem_3\gameplay_prog\graph_theory\source\tempfiles\release\egrapheditor.obj
c:\users\jarne\documents\dae\sem_3\gameplay_prog\graph_theory\source\tempfiles\release\ematrix2x3.obj
c:\users\jarne\documents\dae\sem_3\gameplay_prog\graph_theory\source\tempfiles\release\main.obj
c:\users\jarne\documents\dae\sem_3\gameplay_prog\graph_theory\source\tempfiles\release\einputmanager.obj
c:\users\jarne\documents\dae\sem_3\gameplay_prog\graph_theory\source\tempfiles\release\gl3w.obj
c:\users\jarne\documents\dae\sem_3\gameplay_prog\graph_theory\source\tempfiles\release\flockingsteeringbehaviors.obj
c:\users\jarne\documents\dae\sem_3\gameplay_prog\graph_theory\source\tempfiles\release\app_steeringbehaviors.obj
c:\users\jarne\documents\dae\sem_3\gameplay_prog\graph_theory\source\tempfiles\release\sdlframe.obj
c:\users\jarne\documents\dae\sem_3\gameplay_prog\graph_theory\source\tempfiles\release\ephysicsworldbox2d.obj
c:\users\jarne\documents\dae\sem_3\gameplay_prog\graph_theory\source\tempfiles\release\combinedsteeringbehaviors.obj
c:\users\jarne\documents\dae\sem_3\gameplay_prog\graph_theory\source\tempfiles\release\steeringbehaviors.obj
c:\users\jarne\documents\dae\sem_3\gameplay_prog\graph_theory\source\tempfiles\release\egeometry2dtypes.obj
c:\users\jarne\documents\dae\sem_3\gameplay_prog\graph_theory\source\tempfiles\release\egraphrenderer.obj
c:\users\jarne\documents\dae\sem_3\gameplay_prog\graph_theory\source\tempfiles\release\baseagent.obj
c:\users\jarne\documents\dae\sem_3\gameplay_prog\graph_theory\source\tempfiles\release\gpp_framework.tlog\cl.command.1.tlog
c:\users\jarne\documents\dae\sem_3\gameplay_prog\graph_theory\source\tempfiles\release\gpp_framework.tlog\cl.read.1.tlog
c:\users\jarne\documents\dae\sem_3\gameplay_prog\graph_theory\source\tempfiles\release\gpp_framework.tlog\cl.write.1.tlog
