  stdafx.cpp
  ControllerComponent.cpp
  ParticleEmitterComponent.cpp
  ShadowMapRenderer.cpp
  LightManager.cpp
  ModelAnimator.cpp
  SpriteFontLoader.cpp
  TextRenderer.cpp
  ParticleMaterial.cpp
  PostProcessingMaterial.cpp
  ShadowMapMaterial.cpp
  FixedCamera.cpp
  FreeCamera.cpp
  ImguiHelper.cpp
  Material.cpp
  BaseMaterial.cpp
  MaterialManager.cpp
  MeshFilter.cpp
  MeshFilterLoader.cpp
  ModelComponent.cpp
  PxMeshLoader.cpp
  Compiling...
  SoundManager.cpp
  RigidBodyComponent.cpp
  InputManager.cpp
  CameraComponent.cpp
  BaseComponent.cpp
  OverlordGame.cpp
  MeshDrawComponent.cpp
  MeshIndexedDrawComponent.cpp
  ContentManager.cpp
  EffectLoader.cpp
  DebugRenderer.cpp
  EffectHelper.cpp
  BinaryReader.cpp
  PhysxHelper.cpp
  SpriteComponent.cpp
  SpriteFont.cpp
  SpriteRenderer.cpp
  TextureData.cpp
  TextureDataLoader.cpp
  Utils.cpp
  Compiling...
  VertexHelper.cpp
  PhysxProxy.cpp
  PhysxErrorCallback.cpp
  PhysXManager.cpp
  Logger.cpp
  GameTime.cpp
  GameStats.cpp
  GameScene.cpp
  GameObject.cpp
  RenderTarget.cpp
  SceneManager.cpp
  TransformComponent.cpp
  OverlordEngine.vcxproj -> C:\Users\jarne\Documents\DAE\sem_4\Graphics_Prog2\OverlordEngine_x64_Start\OverlordEngine\_build\Release\OverlordEngine.lib
