  stdafx.cpp
  EGeometry2DTypes.cpp
  EInputManager.cpp
  EMatrix2x3.cpp
  ERigidBodyBox2D.cpp
  EPhysicsWorldBox2D.cpp
  ECamera2D.cpp
  SDLDebugRenderer2D.cpp
  SDLFrame.cpp
  ETimer_SDL.cpp
  EImmediateUI.cpp
  SDLWindow.cpp
  gl3w.c
  main.cpp
  App_Sandbox.cpp
  SandboxAgent.cpp
C:\Users\jarne\Documents\DAE\sem_3\Gameplay_Prog\2DAE15_Wieme_Jarne_Flocking\source\projects\Movement\Sandbox\SandboxAgent.cpp(54,45): warning C4244: 'argument': conversion from 'double' to 'float', possible loss of data
C:\Users\jarne\Documents\DAE\sem_3\Gameplay_Prog\2DAE15_Wieme_Jarne_Flocking\source\projects\Movement\Sandbox\SandboxAgent.cpp(57,28): warning C4244: 'argument': conversion from 'double' to 'float', possible loss of data
  App_CombinedSteering.cpp
  CombinedSteeringBehaviors.cpp
  App_Flocking.cpp
  Flock.cpp
  FlockingSteeringBehaviors.cpp
  Compiling...
  SpacePartitioning.cpp
  App_SteeringBehaviors.cpp
  Obstacle.cpp
  SteeringAgent.cpp
  SteeringBehaviors.cpp
  BaseAgent.cpp
  Generating code
  Previous IPDB not found, fall back to full compilation.
  All 1850 functions were compiled because no usable IPDB/IOBJ from previous compilation was found.
  Finished generating code
  GPP_Framework.vcxproj -> C:\Users\jarne\Documents\DAE\sem_3\Gameplay_Prog\2DAE15_Wieme_Jarne_Flocking\bin\Release\GPP_Framework.exe
  C:\Users\jarne\Documents\DAE\sem_3\Gameplay_Prog\2DAE15_Wieme_Jarne_Flocking\source\..\lib\SDL2.dll
  1 File(s) copied
