Log file open, 04/14/22 11:50:50
LogWindows: Failed to load 'aqProf.dll' (GetLastError=126)
LogWindows: File 'aqProf.dll' does not exist
LogWindows: Failed to load 'VtuneApi.dll' (GetLastError=126)
LogWindows: File 'VtuneApi.dll' does not exist
LogWindows: Failed to load 'VtuneApi32e.dll' (GetLastError=126)
LogWindows: File 'VtuneApi32e.dll' does not exist
LogConsoleResponse: Display: Failed to find resolution value strings in scalability ini. Falling back to default.
LogConsoleResponse: Display: Failed to find resolution value strings in scalability ini. Falling back to default.
LogInit: Display: Running engine for game: ExamTemplate
LogPlatformFile: Not using cached read wrapper
LogTaskGraph: Started task graph with 5 named threads and 35 total threads with 3 sets of task threads.
LogStats: Stats thread started at 0.608845
LogICUInternationalization: ICU TimeZone Detection - Raw Offset: +1:00, Platform Override: ''
LogInit: Display: Loading text-based GConfig....
LogPluginManager: Mounting plugin MeshPainting
LogPluginManager: Mounting plugin XGEController
LogPluginManager: Mounting plugin LiveLink
LogPluginManager: Mounting plugin Paper2D
LogPluginManager: Mounting plugin EnvironmentQueryEditor
LogPluginManager: Mounting plugin AISupport
LogPluginManager: Mounting plugin LightPropagationVolume
LogPluginManager: Mounting plugin GameplayCameras
LogPluginManager: Mounting plugin CameraShakePreviewer
LogPluginManager: Mounting plugin AnimationSharing
LogPluginManager: Mounting plugin GitSourceControl
LogPluginManager: Mounting plugin CLionSourceCodeAccess
LogPluginManager: Mounting plugin CodeLiteSourceCodeAccess
LogPluginManager: Mounting plugin NullSourceCodeAccess
LogPluginManager: Mounting plugin KDevelopSourceCodeAccess
LogPluginManager: Mounting plugin PlasticSourceControl
LogPluginManager: Mounting plugin PerforceSourceControl
LogPluginManager: Mounting plugin PixWinPlugin
LogPluginManager: Mounting plugin PropertyAccessNode
LogPluginManager: Mounting plugin SubversionSourceControl
LogPluginManager: Mounting plugin DatasmithContent
LogPluginManager: Mounting plugin TextureFormatOodle
LogPluginManager: Mounting plugin UObjectPlugin
LogPluginManager: Mounting plugin PluginUtils
LogPluginManager: Mounting plugin VisualStudioSourceCodeAccess
LogPluginManager: Mounting plugin AssetManagerEditor
LogPluginManager: Mounting plugin VisualStudioCodeSourceCodeAccess
LogPluginManager: Mounting plugin XCodeSourceCodeAccess
LogPluginManager: Mounting plugin VariantManagerContent
LogPluginManager: Mounting plugin CurveEditorTools
LogPluginManager: Mounting plugin CryptoKeys
LogPluginManager: Mounting plugin DataValidation
LogPluginManager: Mounting plugin FacialAnimation
LogPluginManager: Mounting plugin GeometryMode
LogPluginManager: Mounting plugin MacGraphicsSwitching
LogPluginManager: Mounting plugin GameplayTagsEditor
LogPluginManager: Mounting plugin MaterialAnalyzer
LogPluginManager: Mounting plugin MobileLauncherProfileWizard
LogPluginManager: Mounting plugin PluginBrowser
LogPluginManager: Mounting plugin SpeedTreeImporter
LogPluginManager: Mounting plugin MagicLeap
LogPluginManager: Mounting plugin LuminPlatformFeatures
LogPluginManager: Mounting plugin MagicLeapLightEstimation
LogPluginManager: Mounting plugin MagicLeapMedia
LogPluginManager: Mounting plugin RiderSourceCodeAccess
LogPluginManager: Mounting plugin MagicLeapPassableWorld
LogPluginManager: Mounting plugin MLSDK
LogPluginManager: Mounting plugin AlembicImporter
LogPluginManager: Mounting plugin AutomationUtils
LogPluginManager: Mounting plugin BackChannel
LogPluginManager: Mounting plugin ChaosCloth
LogPluginManager: Mounting plugin ChaosEditor
LogPluginManager: Mounting plugin ChaosNiagara
LogPluginManager: Mounting plugin ChaosClothEditor
LogPluginManager: Mounting plugin ChaosSolverPlugin
LogPluginManager: Mounting plugin CharacterAI
LogPluginManager: Mounting plugin GeometryCache
LogPluginManager: Mounting plugin GeometryCollectionPlugin
LogPluginManager: Mounting plugin Niagara
LogPluginManager: Mounting plugin AndroidMedia
LogPluginManager: Mounting plugin GeometryProcessing
LogPluginManager: Mounting plugin AvfMedia
LogPluginManager: Mounting plugin TcpMessaging
LogPluginManager: Mounting plugin ImgMedia
LogPluginManager: Mounting plugin MotoSynth
LogPluginManager: Mounting plugin UdpMessaging
LogPluginManager: Mounting plugin MediaCompositing
LogPluginManager: Mounting plugin ActorSequence
LogPluginManager: Mounting plugin OpenImageDenoise
LogPluginManager: Mounting plugin PlatformCrypto
LogPluginManager: Mounting plugin PlanarCut
LogPluginManager: Mounting plugin PythonScriptPlugin
LogPluginManager: Mounting plugin ProxyLODPlugin
LogPluginManager: Mounting plugin LevelSequenceEditor
LogPluginManager: Mounting plugin MatineeToLevelSequence
LogPluginManager: Mounting plugin SkeletalReduction
LogPluginManager: Mounting plugin MediaPlayerEditor
LogPluginManager: Mounting plugin TemplateSequence
LogPluginManager: Mounting plugin WebMMedia
LogPluginManager: Mounting plugin WmfMedia
LogPluginManager: Mounting plugin OnlineSubsystem
LogPluginManager: Mounting plugin OnlineSubsystemNull
LogPluginManager: Mounting plugin OnlineSubsystemUtils
LogPluginManager: Mounting plugin AndroidDeviceProfileSelector
LogPluginManager: Mounting plugin AndroidPermission
LogPluginManager: Mounting plugin AndroidMoviePlayer
LogPluginManager: Mounting plugin AppleImageUtils
LogPluginManager: Mounting plugin ActorLayerUtilities
LogPluginManager: Mounting plugin AppleMoviePlayer
LogPluginManager: Mounting plugin AudioSynesthesia
LogPluginManager: Mounting plugin AudioCapture
LogPluginManager: Mounting plugin CableComponent
LogPluginManager: Mounting plugin AssetTags
LogPluginManager: Mounting plugin CustomMeshComponent
LogPluginManager: Mounting plugin EditableMesh
LogPluginManager: Mounting plugin ExampleDeviceProfileSelector
LogPluginManager: Mounting plugin GooglePAD
LogPluginManager: Mounting plugin GoogleCloudMessaging
LogPluginManager: Mounting plugin ArchVisCharacter
LogPluginManager: Mounting plugin ChunkDownloader
LogPluginManager: Mounting plugin IOSDeviceProfileSelector
LogPluginManager: Mounting plugin LocationServicesBPLibrary
LogPluginManager: Mounting plugin LinuxDeviceProfileSelector
LogPluginManager: Mounting plugin MobilePatchingUtils
LogPluginManager: Mounting plugin OpenXR
LogPluginManager: Mounting plugin OpenXRHandTracking
LogPluginManager: Mounting plugin OpenXREyeTracker
LogPluginManager: Mounting plugin PhysXVehicles
LogPluginManager: Mounting plugin LauncherChunkInstaller
LogPluginManager: Mounting plugin PostSplashScreen
LogPluginManager: Mounting plugin ProceduralMeshComponent
LogPluginManager: Mounting plugin PropertyAccessEditor
LogPluginManager: Mounting plugin SignificanceManager
LogPluginManager: Mounting plugin ScreenshotTools
LogPluginManager: Mounting plugin RuntimePhysXCooking
LogPluginManager: Mounting plugin SoundFields
LogPluginManager: Mounting plugin Synthesis
LogPluginManager: Mounting plugin WebMMoviePlayer
LogPluginManager: Mounting plugin WindowsMoviePlayer
LogPluginManager: Mounting plugin OodleData
LogPluginManager: Mounting plugin Takes
LogPluginManager: Mounting plugin OodleNetwork
LogPluginManager: Mounting plugin ContentBrowserClassDataSource
LogPluginManager: Mounting plugin ContentBrowserAssetDataSource
LogPluginManager: Mounting plugin ContentBrowserFileDataSource
LogPluginManager: Mounting plugin OnlineSubsystemGooglePlay
LogPluginManager: Mounting plugin OnlineSubsystemIOS
LogPluginManager: Mounting plugin OculusVR
LogPluginManager: Mounting plugin SteamVR
PixWinPlugin: PIX capture plugin failed to initialize! Check that the process is launched from PIX.
LogInit: Using libcurl 7.55.1-DEV
LogInit:  - built for x86_64-pc-win32
LogInit:  - supports SSL with OpenSSL/1.1.1
LogInit:  - supports HTTP deflate (compression) using libz 1.2.8
LogInit:  - other features:
LogInit:      CURL_VERSION_SSL
LogInit:      CURL_VERSION_LIBZ
LogInit:      CURL_VERSION_IPV6
LogInit:      CURL_VERSION_ASYNCHDNS
LogInit:      CURL_VERSION_LARGEFILE
LogInit:      CURL_VERSION_IDN
LogInit:  CurlRequestOptions (configurable via config and command line):
LogInit:  - bVerifyPeer = true  - Libcurl will verify peer certificate
LogInit:  - bUseHttpProxy = false  - Libcurl will NOT use HTTP proxy
LogInit:  - bDontReuseConnections = false  - Libcurl will reuse connections
LogInit:  - MaxHostConnections = 16  - Libcurl will limit the number of connections to a host
LogInit:  - LocalHostAddr = Default
LogInit:  - BufferSize = 65536
LogOnline: OSS: Creating online subsystem instance for: NULL
LogInit: WinSock: version 1.1 (2.2), MaxSocks=32767, MaxUdp=65467
LogOnline: OSS: TryLoadSubsystemAndSetDefault: Loaded subsystem for module [NULL]
LogOculusPluginWrapper: OculusPlugin initialized successfully
LogHMD: Failed initializing OVRPlugin 1.59.0
LogInit: Build: ++UE4+Release-4.27-CL-18319896
LogInit: Engine Version: 4.27.2-18319896+++UE4+Release-4.27
LogInit: Compatible Engine Version: 4.27.0-17155196+++UE4+Release-4.27
LogInit: Net CL: 17155196
LogInit: OS: Windows 10 (Release 2009) (), CPU: AMD Ryzen 5 5600X 6-Core Processor             , GPU: AMD Radeon RX 6600 XT
LogInit: Compiled (64-bit): Nov 30 2021 07:12:08
LogInit: Compiled with Visual C++: 19.24.28315.00
LogInit: Build Configuration: Development
LogInit: Branch Name: ++UE4+Release-4.27
LogInit: Command Line: 
LogInit: Base Directory: C:/Program Files/Epic Games/UE_4.27/Engine/Binaries/Win64/
LogInit: Allocator: TBB
LogInit: Installed Engine Build: 1
LogDevObjectVersion: Number of dev versions registered: 29
LogDevObjectVersion:   Dev-Blueprints (B0D832E4-1F89-4F0D-ACCF-7EB736FD4AA2): 10
LogDevObjectVersion:   Dev-Build (E1C64328-A22C-4D53-A36C-8E866417BD8C): 0
LogDevObjectVersion:   Dev-Core (375EC13C-06E4-48FB-B500-84F0262A717E): 4
LogDevObjectVersion:   Dev-Editor (E4B068ED-F494-42E9-A231-DA0B2E46BB41): 40
LogDevObjectVersion:   Dev-Framework (CFFC743F-43B0-4480-9391-14DF171D2073): 37
LogDevObjectVersion:   Dev-Mobile (B02B49B5-BB20-44E9-A304-32B752E40360): 3
LogDevObjectVersion:   Dev-Networking (A4E4105C-59A1-49B5-A7C5-40C4547EDFEE): 0
LogDevObjectVersion:   Dev-Online (39C831C9-5AE6-47DC-9A44-9C173E1C8E7C): 0
LogDevObjectVersion:   Dev-Physics (78F01B33-EBEA-4F98-B9B4-84EACCB95AA2): 14
LogDevObjectVersion:   Dev-Platform (6631380F-2D4D-43E0-8009-CF276956A95A): 0
LogDevObjectVersion:   Dev-Rendering (12F88B9F-8875-4AFC-A67C-D90C383ABD29): 45
LogDevObjectVersion:   Dev-Sequencer (7B5AE74C-D270-4C10-A958-57980B212A5A): 13
LogDevObjectVersion:   Dev-VR (D7296918-1DD6-4BDD-9DE2-64A83CC13884): 3
LogDevObjectVersion:   Dev-LoadTimes (C2A15278-BFE7-4AFE-6C17-90FF531DF755): 1
LogDevObjectVersion:   Private-Geometry (6EACA3D4-40EC-4CC1-B786-8BED09428FC5): 3
LogDevObjectVersion:   Dev-AnimPhys (29E575DD-E0A3-4627-9D10-D276232CDCEA): 17
LogDevObjectVersion:   Dev-Anim (AF43A65D-7FD3-4947-9873-3E8ED9C1BB05): 15
LogDevObjectVersion:   Dev-ReflectionCapture (6B266CEC-1EC7-4B8F-A30B-E4D90942FC07): 1
LogDevObjectVersion:   Dev-Automation (0DF73D61-A23F-47EA-B727-89E90C41499A): 1
LogDevObjectVersion:   FortniteMain (601D1886-AC64-4F84-AA16-D3DE0DEAC7D6): 47
LogDevObjectVersion:   FortniteRelease (E7086368-6B23-4C58-8439-1B7016265E91): 1
LogDevObjectVersion:   Dev-Enterprise (9DFFBCD6-494F-0158-E221-12823C92A888): 10
LogDevObjectVersion:   Dev-Niagara (F2AED0AC-9AFE-416F-8664-AA7FFA26D6FC): 1
LogDevObjectVersion:   Dev-Destruction (174F1F0B-B4C6-45A5-B13F-2EE8D0FB917D): 10
LogDevObjectVersion:   Dev-Physics-Ext (35F94A83-E258-406C-A318-09F59610247C): 41
LogDevObjectVersion:   Dev-PhysicsMaterial-Chaos (B68FC16E-8B1B-42E2-B453-215C058844FE): 1
LogDevObjectVersion:   Dev-CineCamera (B2E18506-4273-CFC2-A54E-F4BB758BBA07): 1
LogDevObjectVersion:   Dev-VirtualProduction (64F58936-FD1B-42BA-BA96-7289D5D0FA4E): 1
LogDevObjectVersion:   Dev-MediaFramework (6F0ED827-A609-4895-9C91-998D90180EA4): 2
LogInit: Presizing for max 25165824 objects, including 0 objects not considered by GC, pre-allocating 0 bytes for permanent pool.
LogConfig: Applying CVar settings from Section [/Script/Engine.StreamingSettings] File [C:/Users/jarne/Documents/DAE/sem_2/Game_Design/ExamTemplate/Saved/Config/Windows/Engine.ini]
LogConfig: Setting CVar [[s.MinBulkDataSizeForAsyncLoading:131072]]
LogConfig: Setting CVar [[s.AsyncLoadingThreadEnabled:0]]
LogConfig: Setting CVar [[s.EventDrivenLoaderEnabled:1]]
LogConfig: Setting CVar [[s.WarnIfTimeLimitExceeded:0]]
LogConfig: Setting CVar [[s.TimeLimitExceededMultiplier:1.5]]
LogConfig: Setting CVar [[s.TimeLimitExceededMinTime:0.005]]
LogConfig: Setting CVar [[s.UseBackgroundLevelStreaming:1]]
LogConfig: Setting CVar [[s.PriorityAsyncLoadingExtraTime:15.0]]
LogConfig: Setting CVar [[s.LevelStreamingActorsUpdateTimeLimit:5.0]]
LogConfig: Setting CVar [[s.PriorityLevelStreamingActorsUpdateExtraTime:5.0]]
LogConfig: Setting CVar [[s.LevelStreamingComponentsRegistrationGranularity:10]]
LogConfig: Setting CVar [[s.UnregisterComponentsTimeLimit:1.0]]
LogConfig: Setting CVar [[s.LevelStreamingComponentsUnregistrationGranularity:5]]
LogConfig: Setting CVar [[s.FlushStreamingOnExit:1]]
LogInit: Object subsystem initialized
LogConfig: Setting CVar [[con.DebugEarlyDefault:1]]
LogConfig: Setting CVar [[r.setres:1280x720]]
[2022.04.14-09.50.51:720][  0]LogConfig: Setting CVar [[r.VSync:0]]
[2022.04.14-09.50.51:720][  0]LogConfig: Setting CVar [[r.RHICmdBypass:0]]
[2022.04.14-09.50.51:720][  0]LogConfig: Applying CVar settings from Section [/Script/Engine.RendererSettings] File [C:/Users/jarne/Documents/DAE/sem_2/Game_Design/ExamTemplate/Saved/Config/Windows/Engine.ini]
[2022.04.14-09.50.51:720][  0]LogConfig: Setting CVar [[r.GPUCrashDebugging:0]]
[2022.04.14-09.50.51:720][  0]LogConfig: Setting CVar [[r.DefaultFeature.AutoExposure.ExtendDefaultLuminanceRange:1]]
[2022.04.14-09.50.51:720][  0]LogConfig: Applying CVar settings from Section [/Script/Engine.RendererOverrideSettings] File [C:/Users/jarne/Documents/DAE/sem_2/Game_Design/ExamTemplate/Saved/Config/Windows/Engine.ini]
[2022.04.14-09.50.51:720][  0]LogConfig: Applying CVar settings from Section [/Script/Engine.StreamingSettings] File [C:/Users/jarne/Documents/DAE/sem_2/Game_Design/ExamTemplate/Saved/Config/Windows/Engine.ini]
[2022.04.14-09.50.51:720][  0]LogConfig: Setting CVar [[s.MinBulkDataSizeForAsyncLoading:131072]]
[2022.04.14-09.50.51:720][  0]LogConfig: Setting CVar [[s.AsyncLoadingThreadEnabled:0]]
[2022.04.14-09.50.51:720][  0]LogConfig: Setting CVar [[s.EventDrivenLoaderEnabled:1]]
[2022.04.14-09.50.51:720][  0]LogConfig: Setting CVar [[s.WarnIfTimeLimitExceeded:0]]
[2022.04.14-09.50.51:720][  0]LogConfig: Setting CVar [[s.TimeLimitExceededMultiplier:1.5]]
[2022.04.14-09.50.51:720][  0]LogConfig: Setting CVar [[s.TimeLimitExceededMinTime:0.005]]
[2022.04.14-09.50.51:720][  0]LogConfig: Setting CVar [[s.UseBackgroundLevelStreaming:1]]
[2022.04.14-09.50.51:720][  0]LogConfig: Setting CVar [[s.PriorityAsyncLoadingExtraTime:15.0]]
[2022.04.14-09.50.51:720][  0]LogConfig: Setting CVar [[s.LevelStreamingActorsUpdateTimeLimit:5.0]]
[2022.04.14-09.50.51:720][  0]LogConfig: Setting CVar [[s.PriorityLevelStreamingActorsUpdateExtraTime:5.0]]
[2022.04.14-09.50.51:720][  0]LogConfig: Setting CVar [[s.LevelStreamingComponentsRegistrationGranularity:10]]
[2022.04.14-09.50.51:720][  0]LogConfig: Setting CVar [[s.UnregisterComponentsTimeLimit:1.0]]
[2022.04.14-09.50.51:720][  0]LogConfig: Setting CVar [[s.LevelStreamingComponentsUnregistrationGranularity:5]]
[2022.04.14-09.50.51:720][  0]LogConfig: Setting CVar [[s.FlushStreamingOnExit:1]]
[2022.04.14-09.50.51:720][  0]LogConfig: Applying CVar settings from Section [/Script/Engine.GarbageCollectionSettings] File [C:/Users/jarne/Documents/DAE/sem_2/Game_Design/ExamTemplate/Saved/Config/Windows/Engine.ini]
[2022.04.14-09.50.51:720][  0]LogConfig: Setting CVar [[gc.MaxObjectsNotConsideredByGC:1]]
[2022.04.14-09.50.51:720][  0]LogConfig: Setting CVar [[gc.SizeOfPermanentObjectPool:0]]
[2022.04.14-09.50.51:720][  0]LogConfig: Setting CVar [[gc.FlushStreamingOnGC:0]]
[2022.04.14-09.50.51:720][  0]LogConfig: Setting CVar [[gc.NumRetriesBeforeForcingGC:10]]
[2022.04.14-09.50.51:720][  0]LogConfig: Setting CVar [[gc.AllowParallelGC:1]]
[2022.04.14-09.50.51:721][  0]LogConfig: Setting CVar [[gc.TimeBetweenPurgingPendingKillObjects:61.1]]
[2022.04.14-09.50.51:721][  0]LogConfig: Setting CVar [[gc.MaxObjectsInEditor:25165824]]
[2022.04.14-09.50.51:721][  0]LogConfig: Setting CVar [[gc.IncrementalBeginDestroyEnabled:1]]
[2022.04.14-09.50.51:721][  0]LogConfig: Setting CVar [[gc.CreateGCClusters:1]]
[2022.04.14-09.50.51:721][  0]LogConfig: Setting CVar [[gc.MinGCClusterSize:5]]
[2022.04.14-09.50.51:721][  0]LogConfig: Setting CVar [[gc.ActorClusteringEnabled:0]]
[2022.04.14-09.50.51:721][  0]LogConfig: Setting CVar [[gc.BlueprintClusteringEnabled:0]]
[2022.04.14-09.50.51:721][  0]LogConfig: Setting CVar [[gc.UseDisregardForGCOnDedicatedServers:0]]
[2022.04.14-09.50.51:721][  0]LogConfig: Setting CVar [[gc.MultithreadedDestructionEnabled:1]]
[2022.04.14-09.50.51:721][  0]LogConfig: Applying CVar settings from Section [/Script/Engine.NetworkSettings] File [C:/Users/jarne/Documents/DAE/sem_2/Game_Design/ExamTemplate/Saved/Config/Windows/Engine.ini]
[2022.04.14-09.50.51:721][  0]LogConfig: Applying CVar settings from Section [/Script/UnrealEd.CookerSettings] File [C:/Users/jarne/Documents/DAE/sem_2/Game_Design/ExamTemplate/Saved/Config/Windows/Engine.ini]
[2022.04.14-09.50.51:767][  0]LogConfig: Applying CVar settings from Section [ViewDistanceQuality@3] File [C:/Users/jarne/Documents/DAE/sem_2/Game_Design/ExamTemplate/Saved/Config/Windows/Scalability.ini]
[2022.04.14-09.50.51:767][  0]LogConfig: Setting CVar [[r.SkeletalMeshLODBias:0]]
[2022.04.14-09.50.51:767][  0]LogConfig: Setting CVar [[r.ViewDistanceScale:1.0]]
[2022.04.14-09.50.51:767][  0]LogConfig: Applying CVar settings from Section [AntiAliasingQuality@3] File [C:/Users/jarne/Documents/DAE/sem_2/Game_Design/ExamTemplate/Saved/Config/Windows/Scalability.ini]
[2022.04.14-09.50.51:767][  0]LogConfig: Setting CVar [[r.PostProcessAAQuality:4]]
[2022.04.14-09.50.51:767][  0]LogConfig: Applying CVar settings from Section [ShadowQuality@3] File [C:/Users/jarne/Documents/DAE/sem_2/Game_Design/ExamTemplate/Saved/Config/Windows/Scalability.ini]
[2022.04.14-09.50.51:767][  0]LogConfig: Setting CVar [[r.LightFunctionQuality:1]]
[2022.04.14-09.50.51:767][  0]LogConfig: Setting CVar [[r.ShadowQuality:5]]
[2022.04.14-09.50.51:767][  0]LogConfig: Setting CVar [[r.Shadow.CSM.MaxCascades:10]]
[2022.04.14-09.50.51:767][  0]LogConfig: Setting CVar [[r.Shadow.MaxResolution:2048]]
[2022.04.14-09.50.51:767][  0]LogConfig: Setting CVar [[r.Shadow.MaxCSMResolution:2048]]
[2022.04.14-09.50.51:767][  0]LogConfig: Setting CVar [[r.Shadow.RadiusThreshold:0.01]]
[2022.04.14-09.50.51:767][  0]LogConfig: Setting CVar [[r.Shadow.DistanceScale:1.0]]
[2022.04.14-09.50.51:767][  0]LogConfig: Setting CVar [[r.Shadow.CSM.TransitionScale:1.0]]
[2022.04.14-09.50.51:767][  0]LogConfig: Setting CVar [[r.Shadow.PreShadowResolutionFactor:1.0]]
[2022.04.14-09.50.51:767][  0]LogConfig: Setting CVar [[r.DistanceFieldShadowing:1]]
[2022.04.14-09.50.51:767][  0]LogConfig: Setting CVar [[r.DistanceFieldAO:1]]
[2022.04.14-09.50.51:767][  0]LogConfig: Setting CVar [[r.AOQuality:2]]
[2022.04.14-09.50.51:767][  0]LogConfig: Setting CVar [[r.VolumetricFog:1]]
[2022.04.14-09.50.51:767][  0]LogConfig: Setting CVar [[r.VolumetricFog.GridPixelSize:8]]
[2022.04.14-09.50.51:767][  0]LogConfig: Setting CVar [[r.VolumetricFog.GridSizeZ:128]]
[2022.04.14-09.50.51:767][  0]LogConfig: Setting CVar [[r.VolumetricFog.HistoryMissSupersampleCount:4]]
[2022.04.14-09.50.51:767][  0]LogConfig: Setting CVar [[r.LightMaxDrawDistanceScale:1]]
[2022.04.14-09.50.51:767][  0]LogConfig: Setting CVar [[r.CapsuleShadows:1]]
[2022.04.14-09.50.51:767][  0]LogConfig: Applying CVar settings from Section [PostProcessQuality@3] File [C:/Users/jarne/Documents/DAE/sem_2/Game_Design/ExamTemplate/Saved/Config/Windows/Scalability.ini]
[2022.04.14-09.50.51:767][  0]LogConfig: Setting CVar [[r.MotionBlurQuality:4]]
[2022.04.14-09.50.51:767][  0]LogConfig: Setting CVar [[r.AmbientOcclusionMipLevelFactor:0.4]]
[2022.04.14-09.50.51:767][  0]LogConfig: Setting CVar [[r.AmbientOcclusionMaxQuality:100]]
[2022.04.14-09.50.51:767][  0]LogConfig: Setting CVar [[r.AmbientOcclusionLevels:-1]]
[2022.04.14-09.50.51:767][  0]LogConfig: Setting CVar [[r.AmbientOcclusionRadiusScale:1.0]]
[2022.04.14-09.50.51:767][  0]LogConfig: Setting CVar [[r.DepthOfFieldQuality:2]]
[2022.04.14-09.50.51:767][  0]LogConfig: Setting CVar [[r.RenderTargetPoolMin:400]]
[2022.04.14-09.50.51:767][  0]LogConfig: Setting CVar [[r.LensFlareQuality:2]]
[2022.04.14-09.50.51:767][  0]LogConfig: Setting CVar [[r.SceneColorFringeQuality:1]]
[2022.04.14-09.50.51:767][  0]LogConfig: Setting CVar [[r.EyeAdaptationQuality:2]]
[2022.04.14-09.50.51:767][  0]LogConfig: Setting CVar [[r.BloomQuality:5]]
[2022.04.14-09.50.51:767][  0]LogConfig: Setting CVar [[r.FastBlurThreshold:100]]
[2022.04.14-09.50.51:767][  0]LogConfig: Setting CVar [[r.Upscale.Quality:3]]
[2022.04.14-09.50.51:767][  0]LogConfig: Setting CVar [[r.Tonemapper.GrainQuantization:1]]
[2022.04.14-09.50.51:767][  0]LogConfig: Setting CVar [[r.LightShaftQuality:1]]
[2022.04.14-09.50.51:767][  0]LogConfig: Setting CVar [[r.Filter.SizeScale:1]]
[2022.04.14-09.50.51:767][  0]LogConfig: Setting CVar [[r.Tonemapper.Quality:5]]
[2022.04.14-09.50.51:767][  0]LogConfig: Setting CVar [[r.DOF.Gather.AccumulatorQuality:1        ; higher gathering accumulator quality]]
[2022.04.14-09.50.51:767][  0]LogConfig: Setting CVar [[r.DOF.Gather.PostfilterMethod:1          ; Median3x3 postfilering method]]
[2022.04.14-09.50.51:767][  0]LogConfig: Setting CVar [[r.DOF.Gather.EnableBokehSettings:0       ; no bokeh simulation when gathering]]
[2022.04.14-09.50.51:767][  0]LogConfig: Setting CVar [[r.DOF.Gather.RingCount:4                 ; medium number of samples when gathering]]
[2022.04.14-09.50.51:767][  0]LogConfig: Setting CVar [[r.DOF.Scatter.ForegroundCompositing:1    ; additive foreground scattering]]
[2022.04.14-09.50.51:767][  0]LogConfig: Setting CVar [[r.DOF.Scatter.BackgroundCompositing:2    ; additive background scattering]]
[2022.04.14-09.50.51:767][  0]LogConfig: Setting CVar [[r.DOF.Scatter.EnableBokehSettings:1      ; bokeh simulation when scattering]]
[2022.04.14-09.50.51:767][  0]LogConfig: Setting CVar [[r.DOF.Scatter.MaxSpriteRatio:0.1         ; only a maximum of 10% of scattered bokeh]]
[2022.04.14-09.50.51:767][  0]LogConfig: Setting CVar [[r.DOF.Recombine.Quality:1                ; cheap slight out of focus]]
[2022.04.14-09.50.51:767][  0]LogConfig: Setting CVar [[r.DOF.Recombine.EnableBokehSettings:0    ; no bokeh simulation on slight out of focus]]
[2022.04.14-09.50.51:767][  0]LogConfig: Setting CVar [[r.DOF.TemporalAAQuality:1                ; more stable temporal accumulation]]
[2022.04.14-09.50.51:767][  0]LogConfig: Setting CVar [[r.DOF.Kernel.MaxForegroundRadius:0.025]]
[2022.04.14-09.50.51:767][  0]LogConfig: Setting CVar [[r.DOF.Kernel.MaxBackgroundRadius:0.025]]
[2022.04.14-09.50.51:767][  0]LogConfig: Applying CVar settings from Section [TextureQuality@3] File [C:/Users/jarne/Documents/DAE/sem_2/Game_Design/ExamTemplate/Saved/Config/Windows/Scalability.ini]
[2022.04.14-09.50.51:767][  0]LogConfig: Setting CVar [[r.Streaming.MipBias:0]]
[2022.04.14-09.50.51:767][  0]LogConfig: Setting CVar [[r.Streaming.AmortizeCPUToGPUCopy:0]]
[2022.04.14-09.50.51:767][  0]LogConfig: Setting CVar [[r.Streaming.MaxNumTexturesToStreamPerFrame:0]]
[2022.04.14-09.50.51:767][  0]LogConfig: Setting CVar [[r.Streaming.Boost:1]]
[2022.04.14-09.50.51:767][  0]LogConfig: Setting CVar [[r.MaxAnisotropy:8]]
[2022.04.14-09.50.51:768][  0]LogConfig: Setting CVar [[r.VT.MaxAnisotropy:8]]
[2022.04.14-09.50.51:768][  0]LogConfig: Setting CVar [[r.Streaming.LimitPoolSizeToVRAM:0]]
[2022.04.14-09.50.51:768][  0]LogConfig: Setting CVar [[r.Streaming.PoolSize:1000]]
[2022.04.14-09.50.51:768][  0]LogConfig: Setting CVar [[r.Streaming.MaxEffectiveScreenSize:0]]
[2022.04.14-09.50.51:768][  0]LogConfig: Applying CVar settings from Section [EffectsQuality@3] File [C:/Users/jarne/Documents/DAE/sem_2/Game_Design/ExamTemplate/Saved/Config/Windows/Scalability.ini]
[2022.04.14-09.50.51:768][  0]LogConfig: Setting CVar [[r.TranslucencyLightingVolumeDim:64]]
[2022.04.14-09.50.51:768][  0]LogConfig: Setting CVar [[r.RefractionQuality:2]]
[2022.04.14-09.50.51:768][  0]LogConfig: Setting CVar [[r.SSR.Quality:3]]
[2022.04.14-09.50.51:768][  0]LogConfig: Setting CVar [[r.SSR.HalfResSceneColor:0]]
[2022.04.14-09.50.51:768][  0]LogConfig: Setting CVar [[r.SceneColorFormat:4]]
[2022.04.14-09.50.51:768][  0]LogConfig: Setting CVar [[r.DetailMode:2]]
[2022.04.14-09.50.51:768][  0]LogConfig: Setting CVar [[r.TranslucencyVolumeBlur:1]]
[2022.04.14-09.50.51:768][  0]LogConfig: Setting CVar [[r.MaterialQualityLevel:1 ; High quality]]
[2022.04.14-09.50.51:768][  0]LogConfig: Setting CVar [[r.AnisotropicMaterials:1]]
[2022.04.14-09.50.51:768][  0]LogConfig: Setting CVar [[r.SSS.Scale:1]]
[2022.04.14-09.50.51:768][  0]LogConfig: Setting CVar [[r.SSS.SampleSet:2]]
[2022.04.14-09.50.51:768][  0]LogConfig: Setting CVar [[r.SSS.Quality:1]]
[2022.04.14-09.50.51:768][  0]LogConfig: Setting CVar [[r.SSS.HalfRes:0]]
[2022.04.14-09.50.51:768][  0]LogConfig: Setting CVar [[r.SSGI.Quality:3]]
[2022.04.14-09.50.51:768][  0]LogConfig: Setting CVar [[r.EmitterSpawnRateScale:1.0]]
[2022.04.14-09.50.51:768][  0]LogConfig: Setting CVar [[r.ParticleLightQuality:2]]
[2022.04.14-09.50.51:768][  0]LogConfig: Setting CVar [[r.SkyAtmosphere.AerialPerspectiveLUT.FastApplyOnOpaque:1 ; Always have FastSkyLUT 1 in this case to avoid wrong sky]]
[2022.04.14-09.50.51:768][  0]LogConfig: Setting CVar [[r.SkyAtmosphere.AerialPerspectiveLUT.SampleCountMaxPerSlice:4]]
[2022.04.14-09.50.51:768][  0]LogConfig: Setting CVar [[r.SkyAtmosphere.AerialPerspectiveLUT.DepthResolution:16.0]]
[2022.04.14-09.50.51:768][  0]LogConfig: Setting CVar [[r.SkyAtmosphere.FastSkyLUT:1]]
[2022.04.14-09.50.51:768][  0]LogConfig: Setting CVar [[r.SkyAtmosphere.FastSkyLUT.SampleCountMin:4.0]]
[2022.04.14-09.50.51:768][  0]LogConfig: Setting CVar [[r.SkyAtmosphere.FastSkyLUT.SampleCountMax:128.0]]
[2022.04.14-09.50.51:768][  0]LogConfig: Setting CVar [[r.SkyAtmosphere.SampleCountMin:4.0]]
[2022.04.14-09.50.51:768][  0]LogConfig: Setting CVar [[r.SkyAtmosphere.SampleCountMax:128.0]]
[2022.04.14-09.50.51:768][  0]LogConfig: Setting CVar [[r.SkyAtmosphere.TransmittanceLUT.UseSmallFormat:0]]
[2022.04.14-09.50.51:768][  0]LogConfig: Setting CVar [[r.SkyAtmosphere.TransmittanceLUT.SampleCount:10.0]]
[2022.04.14-09.50.51:768][  0]LogConfig: Setting CVar [[r.SkyAtmosphere.MultiScatteringLUT.SampleCount:15.0]]
[2022.04.14-09.50.51:768][  0]LogConfig: Setting CVar [[r.SkyLight.RealTimeReflectionCapture:1]]
[2022.04.14-09.50.51:768][  0]LogConfig: Applying CVar settings from Section [FoliageQuality@3] File [C:/Users/jarne/Documents/DAE/sem_2/Game_Design/ExamTemplate/Saved/Config/Windows/Scalability.ini]
[2022.04.14-09.50.51:768][  0]LogConfig: Setting CVar [[foliage.DensityScale:1.0]]
[2022.04.14-09.50.51:768][  0]LogConfig: Setting CVar [[grass.DensityScale:1.0]]
[2022.04.14-09.50.51:768][  0]LogConfig: Applying CVar settings from Section [ShadingQuality@3] File [C:/Users/jarne/Documents/DAE/sem_2/Game_Design/ExamTemplate/Saved/Config/Windows/Scalability.ini]
[2022.04.14-09.50.51:768][  0]LogConfig: Setting CVar [[r.HairStrands.SkyLighting.IntegrationType:2]]
[2022.04.14-09.50.51:768][  0]LogConfig: Setting CVar [[r.HairStrands.SkyAO.SampleCount:4]]
[2022.04.14-09.50.51:768][  0]LogConfig: Setting CVar [[r.HairStrands.Visibility.MSAA.SamplePerPixel:4]]
[2022.04.14-09.50.51:768][  0]LogInit: Selected Device Profile: [Windows]
[2022.04.14-09.50.51:768][  0]LogInit: Applying CVar settings loaded from the selected device profile: [Windows]
[2022.04.14-09.50.51:769][  0]LogHAL: Display: Platform has ~ 16 GB [17121390592 / 17179869184 / 16], which maps to Larger [LargestMinGB=32, LargerMinGB=12, DefaultMinGB=8, SmallerMinGB=6, SmallestMinGB=0)
[2022.04.14-09.50.51:769][  0]LogInit: Going up to parent DeviceProfile []
[2022.04.14-09.50.51:769][  0]LogConfig: Applying CVar settings from Section [ViewDistanceQuality@3] File [C:/Users/jarne/Documents/DAE/sem_2/Game_Design/ExamTemplate/Saved/Config/Windows/Scalability.ini]
[2022.04.14-09.50.51:769][  0]LogConfig: Setting CVar [[r.SkeletalMeshLODBias:0]]
[2022.04.14-09.50.51:769][  0]LogConfig: Setting CVar [[r.ViewDistanceScale:1.0]]
[2022.04.14-09.50.51:769][  0]LogConfig: Applying CVar settings from Section [AntiAliasingQuality@3] File [C:/Users/jarne/Documents/DAE/sem_2/Game_Design/ExamTemplate/Saved/Config/Windows/Scalability.ini]
[2022.04.14-09.50.51:769][  0]LogConfig: Setting CVar [[r.PostProcessAAQuality:4]]
[2022.04.14-09.50.51:769][  0]LogConfig: Applying CVar settings from Section [ShadowQuality@3] File [C:/Users/jarne/Documents/DAE/sem_2/Game_Design/ExamTemplate/Saved/Config/Windows/Scalability.ini]
[2022.04.14-09.50.51:769][  0]LogConfig: Setting CVar [[r.LightFunctionQuality:1]]
[2022.04.14-09.50.51:769][  0]LogConfig: Setting CVar [[r.ShadowQuality:5]]
[2022.04.14-09.50.51:769][  0]LogConfig: Setting CVar [[r.Shadow.CSM.MaxCascades:10]]
[2022.04.14-09.50.51:769][  0]LogConfig: Setting CVar [[r.Shadow.MaxResolution:2048]]
[2022.04.14-09.50.51:769][  0]LogConfig: Setting CVar [[r.Shadow.MaxCSMResolution:2048]]
[2022.04.14-09.50.51:769][  0]LogConfig: Setting CVar [[r.Shadow.RadiusThreshold:0.01]]
[2022.04.14-09.50.51:769][  0]LogConfig: Setting CVar [[r.Shadow.DistanceScale:1.0]]
[2022.04.14-09.50.51:769][  0]LogConfig: Setting CVar [[r.Shadow.CSM.TransitionScale:1.0]]
[2022.04.14-09.50.51:769][  0]LogConfig: Setting CVar [[r.Shadow.PreShadowResolutionFactor:1.0]]
[2022.04.14-09.50.51:769][  0]LogConfig: Setting CVar [[r.DistanceFieldShadowing:1]]
[2022.04.14-09.50.51:769][  0]LogConfig: Setting CVar [[r.DistanceFieldAO:1]]
[2022.04.14-09.50.51:769][  0]LogConfig: Setting CVar [[r.AOQuality:2]]
[2022.04.14-09.50.51:770][  0]LogConfig: Setting CVar [[r.VolumetricFog:1]]
[2022.04.14-09.50.51:770][  0]LogConfig: Setting CVar [[r.VolumetricFog.GridPixelSize:8]]
[2022.04.14-09.50.51:770][  0]LogConfig: Setting CVar [[r.VolumetricFog.GridSizeZ:128]]
[2022.04.14-09.50.51:770][  0]LogConfig: Setting CVar [[r.VolumetricFog.HistoryMissSupersampleCount:4]]
[2022.04.14-09.50.51:770][  0]LogConfig: Setting CVar [[r.LightMaxDrawDistanceScale:1]]
[2022.04.14-09.50.51:770][  0]LogConfig: Setting CVar [[r.CapsuleShadows:1]]
[2022.04.14-09.50.51:770][  0]LogConfig: Applying CVar settings from Section [PostProcessQuality@3] File [C:/Users/jarne/Documents/DAE/sem_2/Game_Design/ExamTemplate/Saved/Config/Windows/Scalability.ini]
[2022.04.14-09.50.51:770][  0]LogConfig: Setting CVar [[r.MotionBlurQuality:4]]
[2022.04.14-09.50.51:770][  0]LogConfig: Setting CVar [[r.AmbientOcclusionMipLevelFactor:0.4]]
[2022.04.14-09.50.51:770][  0]LogConfig: Setting CVar [[r.AmbientOcclusionMaxQuality:100]]
[2022.04.14-09.50.51:770][  0]LogConfig: Setting CVar [[r.AmbientOcclusionLevels:-1]]
[2022.04.14-09.50.51:770][  0]LogConfig: Setting CVar [[r.AmbientOcclusionRadiusScale:1.0]]
[2022.04.14-09.50.51:770][  0]LogConfig: Setting CVar [[r.DepthOfFieldQuality:2]]
[2022.04.14-09.50.51:770][  0]LogConfig: Setting CVar [[r.RenderTargetPoolMin:400]]
[2022.04.14-09.50.51:770][  0]LogConfig: Setting CVar [[r.LensFlareQuality:2]]
[2022.04.14-09.50.51:770][  0]LogConfig: Setting CVar [[r.SceneColorFringeQuality:1]]
[2022.04.14-09.50.51:770][  0]LogConfig: Setting CVar [[r.EyeAdaptationQuality:2]]
[2022.04.14-09.50.51:770][  0]LogConfig: Setting CVar [[r.BloomQuality:5]]
[2022.04.14-09.50.51:770][  0]LogConfig: Setting CVar [[r.FastBlurThreshold:100]]
[2022.04.14-09.50.51:770][  0]LogConfig: Setting CVar [[r.Upscale.Quality:3]]
[2022.04.14-09.50.51:770][  0]LogConfig: Setting CVar [[r.Tonemapper.GrainQuantization:1]]
[2022.04.14-09.50.51:770][  0]LogConfig: Setting CVar [[r.LightShaftQuality:1]]
[2022.04.14-09.50.51:770][  0]LogConfig: Setting CVar [[r.Filter.SizeScale:1]]
[2022.04.14-09.50.51:770][  0]LogConfig: Setting CVar [[r.Tonemapper.Quality:5]]
[2022.04.14-09.50.51:770][  0]LogConfig: Setting CVar [[r.DOF.Gather.AccumulatorQuality:1        ; higher gathering accumulator quality]]
[2022.04.14-09.50.51:770][  0]LogConfig: Setting CVar [[r.DOF.Gather.PostfilterMethod:1          ; Median3x3 postfilering method]]
[2022.04.14-09.50.51:770][  0]LogConfig: Setting CVar [[r.DOF.Gather.EnableBokehSettings:0       ; no bokeh simulation when gathering]]
[2022.04.14-09.50.51:770][  0]LogConfig: Setting CVar [[r.DOF.Gather.RingCount:4                 ; medium number of samples when gathering]]
[2022.04.14-09.50.51:770][  0]LogConfig: Setting CVar [[r.DOF.Scatter.ForegroundCompositing:1    ; additive foreground scattering]]
[2022.04.14-09.50.51:770][  0]LogConfig: Setting CVar [[r.DOF.Scatter.BackgroundCompositing:2    ; additive background scattering]]
[2022.04.14-09.50.51:770][  0]LogConfig: Setting CVar [[r.DOF.Scatter.EnableBokehSettings:1      ; bokeh simulation when scattering]]
[2022.04.14-09.50.51:770][  0]LogConfig: Setting CVar [[r.DOF.Scatter.MaxSpriteRatio:0.1         ; only a maximum of 10% of scattered bokeh]]
[2022.04.14-09.50.51:770][  0]LogConfig: Setting CVar [[r.DOF.Recombine.Quality:1                ; cheap slight out of focus]]
[2022.04.14-09.50.51:770][  0]LogConfig: Setting CVar [[r.DOF.Recombine.EnableBokehSettings:0    ; no bokeh simulation on slight out of focus]]
[2022.04.14-09.50.51:770][  0]LogConfig: Setting CVar [[r.DOF.TemporalAAQuality:1                ; more stable temporal accumulation]]
[2022.04.14-09.50.51:770][  0]LogConfig: Setting CVar [[r.DOF.Kernel.MaxForegroundRadius:0.025]]
[2022.04.14-09.50.51:770][  0]LogConfig: Setting CVar [[r.DOF.Kernel.MaxBackgroundRadius:0.025]]
[2022.04.14-09.50.51:770][  0]LogConfig: Applying CVar settings from Section [TextureQuality@3] File [C:/Users/jarne/Documents/DAE/sem_2/Game_Design/ExamTemplate/Saved/Config/Windows/Scalability.ini]
[2022.04.14-09.50.51:770][  0]LogConfig: Setting CVar [[r.Streaming.MipBias:0]]
[2022.04.14-09.50.51:770][  0]LogConfig: Setting CVar [[r.Streaming.AmortizeCPUToGPUCopy:0]]
[2022.04.14-09.50.51:770][  0]LogConfig: Setting CVar [[r.Streaming.MaxNumTexturesToStreamPerFrame:0]]
[2022.04.14-09.50.51:770][  0]LogConfig: Setting CVar [[r.Streaming.Boost:1]]
[2022.04.14-09.50.51:770][  0]LogConfig: Setting CVar [[r.MaxAnisotropy:8]]
[2022.04.14-09.50.51:770][  0]LogConfig: Setting CVar [[r.VT.MaxAnisotropy:8]]
[2022.04.14-09.50.51:770][  0]LogConfig: Setting CVar [[r.Streaming.LimitPoolSizeToVRAM:0]]
[2022.04.14-09.50.51:770][  0]LogConfig: Setting CVar [[r.Streaming.PoolSize:1000]]
[2022.04.14-09.50.51:770][  0]LogConfig: Setting CVar [[r.Streaming.MaxEffectiveScreenSize:0]]
[2022.04.14-09.50.51:770][  0]LogConfig: Applying CVar settings from Section [EffectsQuality@3] File [C:/Users/jarne/Documents/DAE/sem_2/Game_Design/ExamTemplate/Saved/Config/Windows/Scalability.ini]
[2022.04.14-09.50.51:770][  0]LogConfig: Setting CVar [[r.TranslucencyLightingVolumeDim:64]]
[2022.04.14-09.50.51:770][  0]LogConfig: Setting CVar [[r.RefractionQuality:2]]
[2022.04.14-09.50.51:770][  0]LogConfig: Setting CVar [[r.SSR.Quality:3]]
[2022.04.14-09.50.51:770][  0]LogConfig: Setting CVar [[r.SSR.HalfResSceneColor:0]]
[2022.04.14-09.50.51:770][  0]LogConfig: Setting CVar [[r.SceneColorFormat:4]]
[2022.04.14-09.50.51:770][  0]LogConfig: Setting CVar [[r.DetailMode:2]]
[2022.04.14-09.50.51:770][  0]LogConfig: Setting CVar [[r.TranslucencyVolumeBlur:1]]
[2022.04.14-09.50.51:770][  0]LogConfig: Setting CVar [[r.MaterialQualityLevel:1 ; High quality]]
[2022.04.14-09.50.51:770][  0]LogConfig: Setting CVar [[r.AnisotropicMaterials:1]]
[2022.04.14-09.50.51:770][  0]LogConfig: Setting CVar [[r.SSS.Scale:1]]
[2022.04.14-09.50.51:770][  0]LogConfig: Setting CVar [[r.SSS.SampleSet:2]]
[2022.04.14-09.50.51:770][  0]LogConfig: Setting CVar [[r.SSS.Quality:1]]
[2022.04.14-09.50.51:770][  0]LogConfig: Setting CVar [[r.SSS.HalfRes:0]]
[2022.04.14-09.50.51:770][  0]LogConfig: Setting CVar [[r.SSGI.Quality:3]]
[2022.04.14-09.50.51:770][  0]LogConfig: Setting CVar [[r.EmitterSpawnRateScale:1.0]]
[2022.04.14-09.50.51:770][  0]LogConfig: Setting CVar [[r.ParticleLightQuality:2]]
[2022.04.14-09.50.51:770][  0]LogConfig: Setting CVar [[r.SkyAtmosphere.AerialPerspectiveLUT.FastApplyOnOpaque:1 ; Always have FastSkyLUT 1 in this case to avoid wrong sky]]
[2022.04.14-09.50.51:770][  0]LogConfig: Setting CVar [[r.SkyAtmosphere.AerialPerspectiveLUT.SampleCountMaxPerSlice:4]]
[2022.04.14-09.50.51:770][  0]LogConfig: Setting CVar [[r.SkyAtmosphere.AerialPerspectiveLUT.DepthResolution:16.0]]
[2022.04.14-09.50.51:770][  0]LogConfig: Setting CVar [[r.SkyAtmosphere.FastSkyLUT:1]]
[2022.04.14-09.50.51:770][  0]LogConfig: Setting CVar [[r.SkyAtmosphere.FastSkyLUT.SampleCountMin:4.0]]
[2022.04.14-09.50.51:770][  0]LogConfig: Setting CVar [[r.SkyAtmosphere.FastSkyLUT.SampleCountMax:128.0]]
[2022.04.14-09.50.51:770][  0]LogConfig: Setting CVar [[r.SkyAtmosphere.SampleCountMin:4.0]]
[2022.04.14-09.50.51:770][  0]LogConfig: Setting CVar [[r.SkyAtmosphere.SampleCountMax:128.0]]
[2022.04.14-09.50.51:770][  0]LogConfig: Setting CVar [[r.SkyAtmosphere.TransmittanceLUT.UseSmallFormat:0]]
[2022.04.14-09.50.51:770][  0]LogConfig: Setting CVar [[r.SkyAtmosphere.TransmittanceLUT.SampleCount:10.0]]
[2022.04.14-09.50.51:770][  0]LogConfig: Setting CVar [[r.SkyAtmosphere.MultiScatteringLUT.SampleCount:15.0]]
[2022.04.14-09.50.51:770][  0]LogConfig: Setting CVar [[r.SkyLight.RealTimeReflectionCapture:1]]
[2022.04.14-09.50.51:770][  0]LogConfig: Applying CVar settings from Section [FoliageQuality@3] File [C:/Users/jarne/Documents/DAE/sem_2/Game_Design/ExamTemplate/Saved/Config/Windows/Scalability.ini]
[2022.04.14-09.50.51:770][  0]LogConfig: Setting CVar [[foliage.DensityScale:1.0]]
[2022.04.14-09.50.51:770][  0]LogConfig: Setting CVar [[grass.DensityScale:1.0]]
[2022.04.14-09.50.51:770][  0]LogConfig: Applying CVar settings from Section [ShadingQuality@3] File [C:/Users/jarne/Documents/DAE/sem_2/Game_Design/ExamTemplate/Saved/Config/Windows/Scalability.ini]
[2022.04.14-09.50.51:770][  0]LogConfig: Setting CVar [[r.HairStrands.SkyLighting.IntegrationType:2]]
[2022.04.14-09.50.51:770][  0]LogConfig: Setting CVar [[r.HairStrands.SkyAO.SampleCount:4]]
[2022.04.14-09.50.51:770][  0]LogConfig: Setting CVar [[r.HairStrands.Visibility.MSAA.SamplePerPixel:4]]
[2022.04.14-09.50.51:770][  0]LogConfig: Applying CVar settings from Section [Startup] File [../../../Engine/Config/ConsoleVariables.ini]
[2022.04.14-09.50.51:771][  0]LogConfig: Setting CVar [[net.UseAdaptiveNetUpdateFrequency:0]]
[2022.04.14-09.50.51:771][  0]LogConfig: Setting CVar [[p.chaos.AllowCreatePhysxBodies:1]]
[2022.04.14-09.50.51:771][  0]LogConfig: Setting CVar [[fx.SkipVectorVMBackendOptimizations:1]]
[2022.04.14-09.50.51:771][  0]LogConfig: Applying CVar settings from Section [ConsoleVariables] File [C:/Users/jarne/Documents/DAE/sem_2/Game_Design/ExamTemplate/Saved/Config/Windows/Engine.ini]
[2022.04.14-09.50.51:771][  0]LogConfig: Applying CVar settings from Section [ConsoleVariables] File [C:/Users/jarne/Documents/DAE/sem_2/Game_Design/ExamTemplate/Saved/Config/Windows/Editor.ini]
[2022.04.14-09.50.51:771][  0]LogInit: Computer: DESKTOP
[2022.04.14-09.50.51:771][  0]LogInit: User: jarne
[2022.04.14-09.50.51:771][  0]LogInit: CPU Page size=4096, Cores=6
[2022.04.14-09.50.51:771][  0]LogInit: High frequency timer resolution =10.000000 MHz
[2022.04.14-09.50.51:771][  0]LogMemory: Memory total: Physical=15.9GB (16GB approx)
[2022.04.14-09.50.51:771][  0]LogMemory: Platform Memory Stats for Windows
[2022.04.14-09.50.51:771][  0]LogMemory: Process Physical Memory: 147.60 MB used, 147.60 MB peak
[2022.04.14-09.50.51:771][  0]LogMemory: Process Virtual Memory: 129.77 MB used, 129.77 MB peak
[2022.04.14-09.50.51:771][  0]LogMemory: Physical Memory: 8335.09 MB used,  7993.14 MB free, 16328.23 MB total
[2022.04.14-09.50.51:771][  0]LogMemory: Virtual Memory: 134205888.00 MB used,  11840.05 MB free, 134217728.00 MB total
[2022.04.14-09.50.51:776][  0]LogWindows: WindowsPlatformFeatures enabled
[2022.04.14-09.50.51:964][  0]LogInit: Physics initialised using underlying interface: PhysX
[2022.04.14-09.50.51:966][  0]LogInit: Using OS detected language (en-US).
[2022.04.14-09.50.51:966][  0]LogInit: Using OS detected locale (en-BE).
[2022.04.14-09.50.51:979][  0]LogTextLocalizationManager: No specific localization for 'en-US' exists, so the 'en' localization will be used.
[2022.04.14-09.50.52:207][  0]LogInit: Setting process to per monitor DPI aware
[2022.04.14-09.50.52:227][  0]LogWindowsTextInputMethodSystem: Display: IME system deactivated.
[2022.04.14-09.50.52:292][  0]LogSlate: New Slate User Created.  User Index 0, Is Virtual User: 0
[2022.04.14-09.50.52:293][  0]LogSlate: Slate User Registered.  User Index 0, Is Virtual User: 0
[2022.04.14-09.50.53:803][  0]LogD3D11RHI: Loaded GFSDK_Aftermath_Lib.x64.dll
[2022.04.14-09.50.53:806][  0]LogHMD: Failed to initialize OpenVR with code 110
[2022.04.14-09.50.53:806][  0]LogD3D11RHI: D3D11 min allowed feature level: 11_0
[2022.04.14-09.50.53:807][  0]LogD3D11RHI: D3D11 max allowed feature level: 11_0
[2022.04.14-09.50.53:807][  0]LogD3D11RHI: D3D11 adapters:
[2022.04.14-09.50.53:837][  0]LogD3D11RHI:    0. 'AMD Radeon RX 6600 XT' (Feature Level 11_0)
[2022.04.14-09.50.53:837][  0]LogD3D11RHI:       8147/0/8164 MB DedicatedVideo/DedicatedSystem/SharedSystem, Outputs:2, VendorId:0x1002
[2022.04.14-09.50.53:841][  0]LogD3D11RHI:    1. 'Microsoft Basic Render Driver' (Feature Level 11_0)
[2022.04.14-09.50.53:841][  0]LogD3D11RHI:       0/0/8164 MB DedicatedVideo/DedicatedSystem/SharedSystem, Outputs:0, VendorId:0x1414
[2022.04.14-09.50.53:841][  0]LogD3D11RHI: Chosen D3D11 Adapter:
[2022.04.14-09.50.53:841][  0]LogD3D11RHI:     Description : AMD Radeon RX 6600 XT
[2022.04.14-09.50.53:841][  0]LogD3D11RHI:     VendorId    : 1002
[2022.04.14-09.50.53:841][  0]LogD3D11RHI:     DeviceId    : 73ff
[2022.04.14-09.50.53:841][  0]LogD3D11RHI:     SubSysId    : 2412148c
[2022.04.14-09.50.53:841][  0]LogD3D11RHI:     Revision    : 00c1
[2022.04.14-09.50.53:841][  0]LogD3D11RHI:     DedicatedVideoMemory : 8542978048 bytes
[2022.04.14-09.50.53:841][  0]LogD3D11RHI:     DedicatedSystemMemory : 0 bytes
[2022.04.14-09.50.53:841][  0]LogD3D11RHI:     SharedSystemMemory : 8560695296 bytes
[2022.04.14-09.50.53:841][  0]LogD3D11RHI:     AdapterLuid : 0 65221
[2022.04.14-09.50.53:847][  0]LogD3D11RHI: Creating new Direct3DDevice
[2022.04.14-09.50.53:847][  0]LogD3D11RHI:     GPU DeviceId: 0x73ff (for the marketing name, search the web for "GPU Device Id")
[2022.04.14-09.50.53:847][  0]LogWindows: EnumDisplayDevices:
[2022.04.14-09.50.53:847][  0]LogWindows:    0. 'AMD Radeon RX 6600 XT' (P:1 D:1)
[2022.04.14-09.50.53:848][  0]LogWindows:    1. 'AMD Radeon RX 6600 XT' (P:0 D:1)
[2022.04.14-09.50.53:848][  0]LogWindows:    2. 'AMD Radeon RX 6600 XT' (P:0 D:0)
[2022.04.14-09.50.53:849][  0]LogWindows:    3. 'AMD Radeon RX 6600 XT' (P:0 D:0)
[2022.04.14-09.50.53:849][  0]LogWindows:    4. 'AMD Radeon RX 6600 XT' (P:0 D:0)
[2022.04.14-09.50.53:849][  0]LogWindows:    5. 'AMD Radeon RX 6600 XT' (P:0 D:0)
[2022.04.14-09.50.53:850][  0]LogWindows: DebugString: FoundDriverCount:6 
[2022.04.14-09.50.53:850][  0]LogD3D11RHI:     Adapter Name: AMD Radeon RX 6600 XT
[2022.04.14-09.50.53:850][  0]LogD3D11RHI:   Driver Version: AMD Software: Adrenalin Edition 22.4.1 (internal:30.0.15021.1001, unified:30.0.15021.1001)
[2022.04.14-09.50.53:850][  0]LogD3D11RHI:      Driver Date: 3-31-2022
[2022.04.14-09.50.53:850][  0]LogRHI: Texture pool is 5165 MB (70% of 7379 MB)
[2022.04.14-09.50.53:923][  0]LogD3D11RHI: Creating D3DDevice with AMD AGS, using adapter:
[2022.04.14-09.50.53:923][  0]LogD3D11RHI:     Description : AMD Radeon RX 6600 XT
[2022.04.14-09.50.53:923][  0]LogD3D11RHI:     VendorId    : 1002
[2022.04.14-09.50.53:924][  0]LogD3D11RHI:     DeviceId    : 73ff
[2022.04.14-09.50.53:924][  0]LogD3D11RHI:     SubSysId    : 2412148c
[2022.04.14-09.50.53:924][  0]LogD3D11RHI:     Revision    : 00c1
[2022.04.14-09.50.53:924][  0]LogD3D11RHI:     DedicatedVideoMemory : 8542978048 bytes
[2022.04.14-09.50.53:924][  0]LogD3D11RHI:     DedicatedSystemMemory : 0 bytes
[2022.04.14-09.50.53:924][  0]LogD3D11RHI:     SharedSystemMemory : 8560695296 bytes
[2022.04.14-09.50.53:924][  0]LogD3D11RHI:     AdapterLuid : 0 65221
[2022.04.14-09.50.53:984][  0]LogD3D11RHI: Created device via AGS, feature level 11_0, supported extensions 1fffffbf.
[2022.04.14-09.50.53:984][  0]LogD3D11RHI: RHI has support for 64 bit atomics
[2022.04.14-09.50.53:984][  0]LogD3D11RHI: Async texture creation enabled
[2022.04.14-09.50.53:984][  0]LogD3D11RHI: Array index from any shader is supported
[2022.04.14-09.50.54:009][  0]LogD3D11RHI: GPU Timing Frequency: 100.000000 (Debug: 2 1)
[2022.04.14-09.50.54:450][  0]LogTargetPlatformManager: Display: Loaded TargetPlatform 'AllDesktop'
[2022.04.14-09.50.54:482][  0]LogTargetPlatformManager: Display: Loaded TargetPlatform 'Android'
[2022.04.14-09.50.54:482][  0]LogTargetPlatformManager: Display: Loaded TargetPlatform 'Android_ASTC'
[2022.04.14-09.50.54:482][  0]LogTargetPlatformManager: Display: Loaded TargetPlatform 'Android_DXT'
[2022.04.14-09.50.54:482][  0]LogTargetPlatformManager: Display: Loaded TargetPlatform 'Android_ETC2'
[2022.04.14-09.50.54:482][  0]LogTargetPlatformManager: Display: Loaded TargetPlatform 'AndroidClient'
[2022.04.14-09.50.54:482][  0]LogTargetPlatformManager: Display: Loaded TargetPlatform 'Android_ASTCClient'
[2022.04.14-09.50.54:482][  0]LogTargetPlatformManager: Display: Loaded TargetPlatform 'Android_DXTClient'
[2022.04.14-09.50.54:482][  0]LogTargetPlatformManager: Display: Loaded TargetPlatform 'Android_ETC2Client'
[2022.04.14-09.50.54:482][  0]LogTargetPlatformManager: Display: Loaded TargetPlatform 'Android_Multi'
[2022.04.14-09.50.54:482][  0]LogTargetPlatformManager: Display: Loaded TargetPlatform 'Android_MultiClient'
[2022.04.14-09.50.54:532][  0]LogTargetPlatformManager: Display: Loaded TargetPlatform 'IOSClient'
[2022.04.14-09.50.54:532][  0]LogTargetPlatformManager: Display: Loaded TargetPlatform 'IOS'
[2022.04.14-09.50.54:552][  0]LogTargetPlatformManager: Display: Loaded TargetPlatform 'Linux'
[2022.04.14-09.50.54:566][  0]LogTargetPlatformManager: Display: Loaded TargetPlatform 'LinuxNoEditor'
[2022.04.14-09.50.54:581][  0]LogTargetPlatformManager: Display: Loaded TargetPlatform 'LinuxClient'
[2022.04.14-09.50.54:595][  0]LogTargetPlatformManager: Display: Loaded TargetPlatform 'LinuxServer'
[2022.04.14-09.50.54:614][  0]LogTargetPlatformManager: Display: Loaded TargetPlatform 'LinuxAArch64NoEditor'
[2022.04.14-09.50.54:628][  0]LogTargetPlatformManager: Display: Loaded TargetPlatform 'LinuxAArch64Client'
[2022.04.14-09.50.54:642][  0]LogTargetPlatformManager: Display: Loaded TargetPlatform 'LinuxAArch64Server'
[2022.04.14-09.50.54:677][  0]LogTargetPlatformManager: Display: Loaded TargetPlatform 'Lumin'
[2022.04.14-09.50.54:677][  0]LogTargetPlatformManager: Display: Loaded TargetPlatform 'LuminClient'
[2022.04.14-09.50.54:697][  0]LogTargetPlatformManager: Display: Loaded TargetPlatform 'MacNoEditor'
[2022.04.14-09.50.54:712][  0]LogTargetPlatformManager: Display: Loaded TargetPlatform 'Mac'
[2022.04.14-09.50.54:726][  0]LogTargetPlatformManager: Display: Loaded TargetPlatform 'MacClient'
[2022.04.14-09.50.54:739][  0]LogTargetPlatformManager: Display: Loaded TargetPlatform 'MacServer'
[2022.04.14-09.50.54:758][  0]LogTargetPlatformManager: Display: Loaded TargetPlatform 'TVOSClient'
[2022.04.14-09.50.54:758][  0]LogTargetPlatformManager: Display: Loaded TargetPlatform 'TVOS'
[2022.04.14-09.50.54:777][  0]LogTargetPlatformManager: Display: Loaded TargetPlatform 'WindowsNoEditor'
[2022.04.14-09.50.54:793][  0]LogTargetPlatformManager: Display: Loaded TargetPlatform 'Windows'
[2022.04.14-09.50.54:808][  0]LogTargetPlatformManager: Display: Loaded TargetPlatform 'WindowsClient'
[2022.04.14-09.50.54:823][  0]LogTargetPlatformManager: Display: Loaded TargetPlatform 'WindowsServer'
[2022.04.14-09.50.54:823][  0]LogTargetPlatformManager: Display: Building Assets For Windows
[2022.04.14-09.50.54:876][  0]LogAudioDebug: Display: Lib vorbis DLL was dynamically loaded.
[2022.04.14-09.50.55:025][  0]LogTextureFormatOodle: Display: Oodle Texture 2.9.0 init RDO Off
[2022.04.14-09.50.55:244][  0]LogRendererCore: Ray tracing is disabled. Reason: r.RayTracing=0.
[2022.04.14-09.50.55:245][  0]LogShaderCompilers: Guid format shader working directory is -28 characters bigger than the processId version (../../../../../../Users/jarne/Documents/DAE/sem_2/Game_Design/ExamTemplate/Intermediate/Shaders/WorkingDirectory/4524/).
[2022.04.14-09.50.55:245][  0]LogShaderCompilers: Cleaned the shader compiler working directory 'C:/Users/jarne/AppData/Local/Temp/UnrealShaderWorkingDir/4A5CA3DB40D83BA14AA8E48E18E5AC3D/'.
[2022.04.14-09.50.55:246][  0]LogXGEController: Cannot use XGE Controller as Incredibuild is not installed on this machine.
[2022.04.14-09.50.55:246][  0]LogShaderCompilers: Cannot use XGE Shader Compiler as Incredibuild is not installed on this machine.
[2022.04.14-09.50.55:246][  0]LogShaderCompilers: Display: Using Local Shader Compiler.
[2022.04.14-09.50.57:188][  0]LogDerivedDataCache: Display: Max Cache Size: 512 MB
[2022.04.14-09.50.57:255][  0]LogDerivedDataCache: Loaded boot cache 0.07s 94MB C:/Users/jarne/AppData/Local/UnrealEngine/4.27/DerivedDataCache/Boot.ddc.
[2022.04.14-09.50.57:255][  0]LogDerivedDataCache: Display: Loaded Boot cache: C:/Users/jarne/AppData/Local/UnrealEngine/4.27/DerivedDataCache/Boot.ddc
[2022.04.14-09.50.57:256][  0]LogDerivedDataCache: FDerivedDataBackendGraph:  Pak pak cache file ../../../../../../Users/jarne/Documents/DAE/sem_2/Game_Design/ExamTemplate/DerivedDataCache/DDC.ddp not found, will not use a pak cache.
[2022.04.14-09.50.57:256][  0]LogDerivedDataCache: Unable to find inner node Pak for hierarchical cache Hierarchy.
[2022.04.14-09.50.57:256][  0]LogDerivedDataCache: FDerivedDataBackendGraph:  CompressedPak pak cache file ../../../../../../Users/jarne/Documents/DAE/sem_2/Game_Design/ExamTemplate/DerivedDataCache/Compressed.ddp not found, will not use a pak cache.
[2022.04.14-09.50.57:256][  0]LogDerivedDataCache: Unable to find inner node CompressedPak for hierarchical cache Hierarchy.
[2022.04.14-09.50.57:276][  0]LogDerivedDataCache: Display: Pak cache opened for reading ../../../Engine/DerivedDataCache/Compressed.ddp.
[2022.04.14-09.50.57:276][  0]LogDerivedDataCache: FDerivedDataBackendGraph:  EnterprisePak pak cache file ../../../Enterprise/DerivedDataCache/Compressed.ddp not found, will not use a pak cache.
[2022.04.14-09.50.57:276][  0]LogDerivedDataCache: Unable to find inner node EnterprisePak for hierarchical cache Hierarchy.
[2022.04.14-09.50.57:289][  0]LogDerivedDataCache: Speed tests for C:/Users/jarne/AppData/Local/UnrealEngine/Common/DerivedDataCache took 0.01 seconds
[2022.04.14-09.50.57:289][  0]LogDerivedDataCache: Display: Performance to C:/Users/jarne/AppData/Local/UnrealEngine/Common/DerivedDataCache: Latency=0.18ms. RandomReadSpeed=200.52MBs, RandomWriteSpeed=158.25MBs. Assigned SpeedClass 'Local'
[2022.04.14-09.50.57:290][  0]LogDerivedDataCache: Using Local data cache path C:/Users/jarne/AppData/Local/UnrealEngine/Common/DerivedDataCache: Writable
[2022.04.14-09.50.57:290][  0]LogDerivedDataCache: Shared data cache path not found in *engine.ini, will not use an Shared cache.
[2022.04.14-09.50.57:290][  0]LogDerivedDataCache: Unable to find inner node Shared for hierarchical cache Hierarchy.
[2022.04.14-09.50.57:326][  0]LogSlate: Using FreeType 2.10.0
[2022.04.14-09.50.57:337][  0]LogSlate: SlateFontServices - WITH_FREETYPE: 1, WITH_HARFBUZZ: 1
[2022.04.14-09.50.57:378][  0]LogAssetRegistry: FAssetRegistry took 0.0049 seconds to start up
[2022.04.14-09.50.57:745][  0]LogInit: Selected Device Profile: [Windows]
[2022.04.14-09.50.57:745][  0]LogInit: Active device profile: [000002381A4F4F00][000002381348F500 49] Windows
[2022.04.14-09.50.57:745][  0]LogInit: Profiles: [000002381A4F4F00][000002381348F500 49] Windows, [000002381A4DA400][00000238138ED680 49] WindowsNoEditor, [000002381A4F5F00][00000238138F1800 49] WindowsServer, [000002381A4D9600][00000238138F5980 49] WindowsClient, [000002381A4F5000][00000238138F9B00 49] IOS, [000002381A4DBA00][00000238138FC100 49] iPadAir, [000002381A4F7300][0000023813900280 49] iPadAir2, [000002381A465300][000002381AEEE540 49] IPadPro, [000002381A465400][000002381AEEA580 49] iPadAir3, [000002381A4D8B00][000002381AEF2700 49] iPadAir4, [000002381A466100][000002381AEF6880 49] iPadMini2, [000002381A4DB400][00000238138E89C0 49] iPadMini3, [000002381A466C00][000002381AEFAB00 49] iPadMini4, [000002381A4DA700][000002381AEFEC40 49] iPadMini5, [000002381A490E00][000002381AF0AEC0 49] iPhone6, [000002381A490F00][000002381AF02F00 49] iPodTouch6, [000002381A4F6800][000002381AF131C0 49] iPhone7, [000002381A4F6900][000002381AF0F200 49] iPodTouch7, [000002381A464C00][000002381AF3D380 49] iPhone5S, [000002381A4F5300][000002381AF41500 49] iPhone6Plus, [000002381A4F7A00][000002381AF45680 49] iPhone6S, [000002381A491300][000002381AF49800 49] iPhone6SPlus, [000002381A4F4B00][000002381AF4D980 49] iPhone7Plus, [000002381A491600][000002381AF51B00 49] iPhoneSE, [000002381A4F4A00][000002381AF54100 49] iPhone8, [000002381A491200][000002381AF58280 49] iPhone8Plus, [000002381A466B00][000002381AF5C400 49] iPhoneX, [000002381A490C00][000002381AF60580 49] iPhoneXS, [000002381A467A00][000002381AF64700 49] iPhoneXSMax, [000002381A493800][000002381AF68880 49] iPhoneXR, [000002381A464D00][000002381AF6CA00 49] iPhone11, [000002381A492600][000002381AF06B40 49] iPhone11Pro, [000002381A466900][000002381AF70C80 49] iPhone11ProMax, [000002381A490200][000002381AF74DC0 49] iPhoneSE2, [000002381A464B00][000002381AF78F00 49] iPhone12Mini, [000002381A492A00][000002381AF81080 49] iPhone12, [000002381A466E00][000002381AF85200 49] iPhone12Pro, [000002381A490A00][000002381AF89380 49] iPhone12ProMax, [000002381A467200][000002381AF8D500 49] iPadPro105, [000002381A493600][000002381AF91680 49] iPadPro129, [000002381A466000][000002381AF95800 49] iPadPro97, [000002381A492000][000002381AF99980 49] iPadPro2_129, [000002381A466400][000002381AF9DB00 49] iPad5, [000002381A491400][000002381AFA0100 49] iPad6, [000002381A465000][000002381AFA4280 49] iPad7, [000002381A491700][000002381AFA8400 49] iPad8, [000002381A467C00][000002381AFAC580 49] iPadPro11, [000002381A491800][000002381AFB0700 49] iPadPro2_11, [000002381A464600][000002381AFB4880 49] iPadPro3_129, [000002381A490D00][000002381AFB8A00 49] iPadPro4_129, [000002381A467100][000002381AFBCB80 49] AppleTV, [000002381A490800][000002381AFC0D00 49] AppleTV4K, [000002381A464500][000002381AF7CE40 49] TVOS, [000002381A490500][000002381AFC4F80 49] Mac, [000002381A464700][000002381AFC90C0 49] MacClient, [000002381A491500][000002381AFD1240 49] MacNoEditor, [000002381A465500][000002381AFD53C0 49] MacServer, [000002381A492E00][000002381AFD9540 49] Linux, [000002381A464400][000002381AFDD6C0 49] LinuxAArch64, [000002381A491E00][000002381AFE1840 49] LinuxNoEditor, [000002381A465C00][000002381AFE59C0 49] LinuxAArch64NoEditor, [000002381A492900][000002381AFE9B40 49] LinuxClient, [000002381A466D00][000002381AFEC140 49] LinuxAArch64Client, [000002381A490100][000002381B0002C0 49] LinuxServer, [000002381A465E00][000002381B004440 49] LinuxAArch64Server, [000002381A490B00][000002381B0085C0 49] Android, [000002381A465A00][000002381B00C740 49] Android_Low, [000002381A492F00][000002381B0108C0 49] Android_Mid, [000002381A465100][000002381B014A40 49] Android_High, [000002381A493000][000002381B018BC0 49] Android_Default, [000002381A465700][000002381B01CD40 49] Android_Adreno4xx, [000002381A491900][000002381B020EC0 49] Android_Adreno5xx_Low, [000002381A464A00][000002381AFCD000 49] Android_Adreno5xx, [000002381A493400][000002381B025140 49] Android_Adreno6xx, [000002381A464E00][000002381B029280 49] Android_Adreno6xx_Vulkan, [000002381A493100][000002381B02D3C0 49] Android_Mali_T6xx, [000002381A4F5E00][000002381B035540 49] Android_Mali_T7xx, [000002381A4D8800][000002381B0396C0 49] Android_Mali_T8xx, [000002381A4F5200][000002381B03D840 49] Android_Mali_G71, [000002381A4D8E00][000002381B0419C0 49] Android_Mali_G72, [000002381A4F5100][000002381B045B40 49] Android_Mali_G72_Vulkan, [000002381A4DA500][000002381B048140 49] Android_Mali_G76, [000002381A4F5500][000002381B04C2C0 49] Android_Mali_G76_Vulkan, [000002381A4DA000][000002381B050440 49] Android_Mali_G77, [000002381A4F7F00][000002381B0545C0 49] Android_Mali_G77_Vulkan, [000002381A4D9D00][000002381B058740 49] Android_Mali_G78, [000002381A4F4300][000002381B05C8C0 49] Android_Mali_G78_Vulkan, [000002381A4D8400][000002381B060A40 49] Android_Mali_G710, [000002381A4F7700][000002381B064BC0 49] Android_Mali_G710_Vulkan, [000002381A4DB100][000002381B068D40 49] Android_Vulkan_SM5, [000002381A4F4800][000002381B06CEC0 49] Android_PowerVR_G6xxx, [000002381A4D8A00][000002381B071040 49] Android_PowerVR_GT7xxx, [000002381A4F4D00][000002381B031180 49] Android_PowerVR_GE8xxx, [000002381A4DBC00][000002381B0752C0 49] Android_PowerVR_GM9xxx, [000002381A4F4600][000002381B079400 49] Android_PowerVR_GM9xxx_Vulkan, [000002381A4D9200][000002381B07D540 49] Android_TegraK1, [000002381A4F6B00][000002381B0856C0 49] Android_Unknown_Vulkan, [000002381A4DB000][000002381B089840 49] Lumin, [000002381A4F6000][000002381B08D9C0 49] Lumin_Desktop, [000002381A4DAE00][000002381B091B40 49] HoloLens, 
[2022.04.14-09.50.58:204][  0]LogMeshReduction: Using QuadricMeshReduction for automatic static mesh reduction
[2022.04.14-09.50.58:204][  0]LogMeshReduction: Using SimplygonMeshReduction for automatic skeletal mesh reduction
[2022.04.14-09.50.58:204][  0]LogMeshReduction: Using ProxyLODMeshReduction for automatic mesh merging
[2022.04.14-09.50.58:204][  0]LogMeshReduction: No distributed automatic mesh merging module available
[2022.04.14-09.50.58:205][  0]LogMeshMerging: No distributed automatic mesh merging module available
[2022.04.14-09.50.58:259][  0]LogNetVersion: ExamTemplate 1.0.0, NetCL: 17155196, EngineNetVer: 17, GameNetVer: 0 (Checksum: 2496274314)
[2022.04.14-09.50.58:878][  0]LogTexture: Default maximum texture size for cubemaps generated from long-lat sources has been changed from 512 to unlimited. In order to preserve old behaiour for '/Engine/MapTemplates/Sky/DaylightAmbientCubemap.DaylightAmbientCubemap', its maximum texture size has been explicitly set to 512.
[2022.04.14-09.50.58:956][  0]LogHMD: PokeAHoleMaterial loaded successfully
[2022.04.14-09.50.58:965][  0]LogUObjectArray: 17178 objects as part of root set at end of initial load.
[2022.04.14-09.50.58:965][  0]LogUObjectAllocator: 4302048 out of 0 bytes used by permanent object pool.
[2022.04.14-09.50.58:966][  0]LogUObjectArray: CloseDisregardForGC: 0/0 objects in disregard for GC pool
[2022.04.14-09.51.00:458][  0]LogNiagaraDebuggerClient: Niagara Debugger Client Initialized | Session: 91829E154A19A8B297C49AB1D18BF1CE | Instance: C7F1FBC64BBBEFD8D51FF4AA99271C8F (DESKTOP-4524).
[2022.04.14-09.51.00:610][  0]LogTcpMessaging: Initializing TcpMessaging bridge
[2022.04.14-09.51.00:644][  0]LogUdpMessaging: Initializing bridge on interface 0.0.0.0:0 to multicast group 230.0.0.1:6666.
[2022.04.14-09.51.00:704][  0]LogPython: Using Python 3.7.7
[2022.04.14-09.51.01:746][  0]SourceControl: Source control is disabled
[2022.04.14-09.51.01:747][  0]SourceControl: Source control is disabled
[2022.04.14-09.51.01:780][  0]SourceControl: Source control is disabled
[2022.04.14-09.51.01:802][  0]SourceControl: Source control is disabled
[2022.04.14-09.51.01:819][  0]SourceControl: Source control is disabled
[2022.04.14-09.51.01:882][  0]LogUProjectInfo: Found projects:
[2022.04.14-09.51.02:757][  0]LogOpenImageDenoise: OIDN starting up
[2022.04.14-09.51.02:770][  0]LogAndroidPermission: UAndroidPermissionCallbackProxy::GetInstance
[2022.04.14-09.51.02:871][  0]LogAudioCaptureCore: Display: No Audio Capture implementations found. Audio input will be silent.
[2022.04.14-09.51.02:871][  0]LogAudioCaptureCore: Display: No Audio Capture implementations found. Audio input will be silent.
[2022.04.14-09.51.03:196][  0]LogCollectionManager: Loaded 0 collections in 0.000970 seconds
[2022.04.14-09.51.03:265][  0]LogFileCache: Scanning file cache for directory 'C:/Users/jarne/Documents/DAE/sem_2/Game_Design/ExamTemplate/Saved/Collections/' took 0.00s
[2022.04.14-09.51.03:265][  0]LogFileCache: Scanning file cache for directory 'C:/Users/jarne/Documents/DAE/sem_2/Game_Design/ExamTemplate/Content/Developers/jarne/Collections/' took 0.00s
[2022.04.14-09.51.03:265][  0]LogFileCache: Scanning file cache for directory 'C:/Users/jarne/Documents/DAE/sem_2/Game_Design/ExamTemplate/Content/Collections/' took 0.00s
[2022.04.14-09.51.03:265][  0]LogOcInput: OculusInput pre-init called
[2022.04.14-09.51.03:536][  0]LogEngine: Initializing Engine...
[2022.04.14-09.51.03:568][  0]LogHMD: Failed to enumerate extensions. Please check that you have a valid OpenXR runtime installed.
[2022.04.14-09.51.03:569][  0]LogHMD: Failed to initialize OpenVR with code 110
[2022.04.14-09.51.03:569][  0]LogMagicLeap: Warning: VR disabled because ZI is not enabled.  To enable, in the editor, Edit -> Project Settings -> Plugins -> Magic Leap Plugin -> Enable Zero Iteration
[2022.04.14-09.51.03:571][  0]LogStats: UGameplayTagsManager::InitializeManager -  0.001 s
[2022.04.14-09.51.03:663][  0]LogInit: Initializing FReadOnlyCVARCache
[2022.04.14-09.51.03:701][  0]LogAIModule: Creating AISystem for world Untitled
[2022.04.14-09.51.03:704][  0]LogAudio: Display: Initializing Audio Device Manager...
[2022.04.14-09.51.03:719][  0]LogAudio: Display: Loading Default Audio Settings Objects...
[2022.04.14-09.51.03:719][  0]LogAudio: Display: No default SoundConcurrencyObject specified (or failed to load).
[2022.04.14-09.51.03:720][  0]LogAudio: Display: Audio Device Manager Initialized
[2022.04.14-09.51.03:720][  0]LogAudio: Display: Creating Audio Device:                 Id: 1, Scope: Shared, Realtime: True
[2022.04.14-09.51.03:721][  0]LogAudioMixer: Display: Audio Mixer Platform Settings:
[2022.04.14-09.51.03:721][  0]LogAudioMixer: Display: 	Sample Rate:						  48000
[2022.04.14-09.51.03:721][  0]LogAudioMixer: Display: 	Callback Buffer Frame Size Requested: 256
[2022.04.14-09.51.03:721][  0]LogAudioMixer: Display: 	Callback Buffer Frame Size To Use:	  256
[2022.04.14-09.51.03:721][  0]LogAudioMixer: Display: 	Number of buffers to queue:			  7
[2022.04.14-09.51.03:721][  0]LogAudioMixer: Display: 	Max Channels (voices):				  32
[2022.04.14-09.51.03:721][  0]LogAudioMixer: Display: 	Number of Async Source Workers:		  0
[2022.04.14-09.51.03:721][  0]LogAudio: Display: AudioDevice MaxSources: 32
[2022.04.14-09.51.03:722][  0]LogAudio: Display: Audio Spatialization Plugin: None (built-in).
[2022.04.14-09.51.03:722][  0]LogAudio: Display: Audio Reverb Plugin: None (built-in).
[2022.04.14-09.51.03:722][  0]LogAudio: Display: Audio Occlusion Plugin: None (built-in).
[2022.04.14-09.51.03:722][  0]LogAudioMixer: Display: Initializing audio mixer.
[2022.04.14-09.51.03:757][  0]LogAudioMixer: Display: 0: FrontLeft
[2022.04.14-09.51.03:757][  0]LogAudioMixer: Display: 1: FrontRight
[2022.04.14-09.51.03:833][  0]LogAudioMixer: Display: Using Audio Device Headphones (2- Arctis Pro Wireless Game)
[2022.04.14-09.51.03:834][  0]LogAudioMixer: Display: Initializing Sound Submixes...
[2022.04.14-09.51.03:835][  0]LogAudioMixer: Display: Creating Master Submix 'MasterSubmixDefault'
[2022.04.14-09.51.03:836][  0]LogAudioMixer: Display: Creating Master Submix 'MasterReverbSubmixDefault'
[2022.04.14-09.51.03:836][  0]LogAudioMixer: Display: Creating Master Submix 'MasterEQSubmixDefault'
[2022.04.14-09.51.03:837][  0]LogAudioMixer: FMixerPlatformXAudio2::StartAudioStream() called
[2022.04.14-09.51.03:837][  0]LogAudioMixer: Display: Output buffers initialized: Frames=256, Channels=2, Samples=512
[2022.04.14-09.51.03:837][  0]LogAudioMixer: Display: Starting AudioMixerPlatformInterface::RunInternal()
[2022.04.14-09.51.03:837][  0]LogAudioMixer: Display: FMixerPlatformXAudio2::SubmitBuffer() called for the first time
[2022.04.14-09.51.03:837][  0]LogInit: FAudioDevice initialized.
[2022.04.14-09.51.03:838][  0]LogAudio: Display: Audio Device (ID: 1) registered with world 'Untitled'.
[2022.04.14-09.51.03:838][  0]LogNetVersion: Set ProjectVersion to 1.0.0.0. Version Checksum will be recalculated on next use.
[2022.04.14-09.51.03:870][  0]LogDerivedDataCache: Saved boot cache 0.03s 94MB C:/Users/jarne/AppData/Local/UnrealEngine/4.27/DerivedDataCache/Boot.ddc.
[2022.04.14-09.51.03:873][  0]LogInit: Texture streaming: Enabled
[2022.04.14-09.51.03:921][  0]LogAnalytics: Display: [UEEditor.Rocket.Release] APIServer = https://datarouter.ol.epicgames.com/. AppVersion = 4.27.2-18319896+++UE4+Release-4.27
[2022.04.14-09.51.03:936][  0]LogEngineSessionManager: EngineSessionManager initialized
[2022.04.14-09.51.03:937][  0]LogEditorSessionSummary: Verbose: Initializing EditorSessionSummaryWriter for editor session tracking
[2022.04.14-09.51.03:942][  0]LogEditorSessionSummary: EditorSessionSummaryWriter initialized
[2022.04.14-09.51.04:124][  0]LogInit: Transaction tracking system initialized
[2022.04.14-09.51.04:231][  0]BlueprintLog: New page: Editor Load
[2022.04.14-09.51.04:513][  0]LocalizationService: Localization service is disabled
[2022.04.14-09.51.04:639][  0]TimingProfiler: Initialize
[2022.04.14-09.51.04:641][  0]TimingProfiler: OnSessionChanged
[2022.04.14-09.51.04:641][  0]LoadingProfiler: Initialize
[2022.04.14-09.51.04:641][  0]LoadingProfiler: OnSessionChanged
[2022.04.14-09.51.04:641][  0]NetworkingProfiler: Initialize
[2022.04.14-09.51.04:642][  0]NetworkingProfiler: OnSessionChanged
[2022.04.14-09.51.04:642][  0]MemoryProfiler: Initialize
[2022.04.14-09.51.04:642][  0]MemoryProfiler: OnSessionChanged
[2022.04.14-09.51.04:935][  0]LogCook: Display: CookSettings for Memory: MemoryMaxUsedVirtual 0MiB, MemoryMaxUsedPhysical 16384MiB, MemoryMinFreeVirtual 0MiB, MemoryMinFreePhysical 1024MiB
[2022.04.14-09.51.04:935][  0]LogCook: Display: Mobile HDR setting 1
[2022.04.14-09.51.05:214][  0]LogFileCache: Scanning file cache for directory 'C:/Users/jarne/Documents/DAE/sem_2/Game_Design/ExamTemplate/Content/' took 0.00s
[2022.04.14-09.51.05:793][  0]LogInit: Display: Engine is initialized. Leaving FEngineLoop::Init()
[2022.04.14-09.51.05:800][  0]SourceControl: Source control is disabled
[2022.04.14-09.51.05:800][  0]LogUnrealEdMisc: Loading editor; pre map load, took 16.875
[2022.04.14-09.51.05:801][  0]Cmd: MAP LOAD FILE="../../../../../../Users/jarne/Documents/DAE/sem_2/Game_Design/ExamTemplate/Content/Data/Maps/DevSandbox.umap" TEMPLATE=0 SHOWPROGRESS=1 FEATURELEVEL=3
[2022.04.14-09.51.05:802][  0]LightingResults: New page: Lighting Build
[2022.04.14-09.51.05:806][  0]LogWorld: UWorld::CleanupWorld for Untitled, bSessionEnded=true, bCleanupResources=true
[2022.04.14-09.51.05:806][  0]LogSlate: InvalidateAllWidgets triggered.  All widgets were invalidated
[2022.04.14-09.51.05:807][  0]MapCheck: New page: Map Check
[2022.04.14-09.51.05:807][  0]LightingResults: New page: Lighting Build
[2022.04.14-09.51.05:813][  0]LogAudio: Display: Audio Device unregistered from world 'None'.
[2022.04.14-09.51.05:817][  0]LogUObjectHash: Compacting FUObjectHashTables data took   0.73ms
[2022.04.14-09.51.05:965][  0]LogTexture: Display: Building textures: HQ_Lightmap1_2 (OODLE_AutoDXT, 64X64)
[2022.04.14-09.51.05:965][  0]LogTexture: Display: Building textures: LQ_Lightmap_1_2 (OODLE_DXT1, 64X64)
[2022.04.14-09.51.05:965][  0]LogTexture: Display: Building textures: ShadowMapTexture2D_1 (G8, 32X32)
[2022.04.14-09.51.05:965][  0]LogTexture: Display: Building textures: ShadowMapTexture2D_0 (G8, 1024X512)
[2022.04.14-09.51.05:965][  0]LogTexture: Display: Building textures: DeprecatedTextureEB9CBE3C423008B5E8E130901E171C89 (BGRA8, 128X128)
[2022.04.14-09.51.05:965][  0]LogStaticMesh: Building static mesh CharacterCube...
[2022.04.14-09.51.05:969][  0]LogTexture: Display: Building textures: LQ_Lightmap_1_1 (OODLE_DXT1, 1024X1024)
[2022.04.14-09.51.05:969][  0]LogTexture: Display: Building textures: HQ_Lightmap1_1 (OODLE_AutoDXT, 1024X1024)
[2022.04.14-09.51.05:969][  0]LogStaticMesh: Built static mesh [0.00s] /Game/Base/CharacterMesh/CharacterCube.CharacterCube
[2022.04.14-09.51.05:973][  0]LogStaticMesh: Building static mesh CharacterEyes...
[2022.04.14-09.51.05:974][  0]LogStaticMesh: Built static mesh [0.00s] /Game/Base/CharacterMesh/CharacterEyes.CharacterEyes
[2022.04.14-09.51.05:977][  0]LogTextureFormatOodle: Display: non-RDO encode 1024 x 1024 x 1 to format OODLE_AutoDXT (Oodle OodleTex_BC3) lambda=0 effort=20 
[2022.04.14-09.51.05:977][  0]LogMaterial: Display: Missing cached shadermap for M_BaseMaterial in PCD3D_SM5, Default, SM5 (DDC key hash: 2035CE9941339E8C8F362487E44928FE2996DF9B), compiling. 
[2022.04.14-09.51.06:076][  0]LogTextureFormatOodle: Display: non-RDO encode 1024 x 1024 x 1 to format OODLE_DXT1 (Oodle OodleTex_BC1_WithTransparency) lambda=0 effort=20 
[2022.04.14-09.51.06:077][  0]LogShaderCompilers: Display: Submitted 72 shader compile jobs with 'Low' priority
[2022.04.14-09.51.06:087][  0]LogShaderCompilers: Display: Worker (1/9): shaders left to compile 72
[2022.04.14-09.51.06:087][  0]LogShaderCompilers: Display: Worker (2/9): shaders left to compile 63
[2022.04.14-09.51.06:087][  0]LogShaderCompilers: Display: Worker (3/9): shaders left to compile 54
[2022.04.14-09.51.06:087][  0]LogShaderCompilers: Display: Worker (4/9): shaders left to compile 45
[2022.04.14-09.51.06:087][  0]LogShaderCompilers: Display: Worker (5/9): shaders left to compile 36
[2022.04.14-09.51.06:087][  0]LogShaderCompilers: Display: Worker (6/9): shaders left to compile 27
[2022.04.14-09.51.06:088][  0]LogShaderCompilers: Display: Worker (7/9): shaders left to compile 18
[2022.04.14-09.51.06:088][  0]LogShaderCompilers: Display: Worker (8/9): shaders left to compile 9
[2022.04.14-09.51.06:088][  0]LogShaderCompilers: Display: Started 72 'Local' shader compile jobs with 'Low' priority
[2022.04.14-09.51.06:091][  0]LogAudio: Display: Audio Device (ID: 1) registered with world 'DevSandbox'.
[2022.04.14-09.51.06:092][  0]LogAIModule: Creating AISystem for world DevSandbox
[2022.04.14-09.51.06:110][  0]LogEditorServer: Finished looking for orphan Actors (0.000 secs)
[2022.04.14-09.51.06:253][  0]LogUObjectHash: Compacting FUObjectHashTables data took   1.51ms
[2022.04.14-09.51.06:257][  0]Cmd: MAP CHECKDEP NOCLEARLOG
[2022.04.14-09.51.06:258][  0]MapCheck: Map check complete: 0 Error(s), 0 Warning(s), took 0,341ms to complete.
[2022.04.14-09.51.06:258][  0]LogFileHelpers: Loading map 'DevSandbox' took 0.456
[2022.04.14-09.51.06:278][  0]LogUnrealEdMisc: Total Editor Startup Time, took 17.353
[2022.04.14-09.51.06:439][  0]LogSlate: Updating window title bar state: overlay mode, drag disabled, window buttons hidden, title bar hidden
[2022.04.14-09.51.06:452][  0]LogSlate: Updating window title bar state: overlay mode, drag disabled, window buttons hidden, title bar hidden
[2022.04.14-09.51.06:459][  0]LogSlate: Updating window title bar state: overlay mode, drag disabled, window buttons hidden, title bar hidden
[2022.04.14-09.51.06:467][  0]LogSlate: Updating window title bar state: overlay mode, drag disabled, window buttons hidden, title bar hidden
[2022.04.14-09.51.06:506][  0]LogNativeClassHierarchy: Verbose: Native class hierarchy populated in 0.0110 seconds. Added 3822 classes and 928 folders.
[2022.04.14-09.51.06:512][  0]LogNativeClassHierarchy: Verbose: Native class hierarchy updated for 'WidgetCarousel' in 0.0004 seconds. Added 0 classes and 0 folders.
[2022.04.14-09.51.06:525][  0]LogPakFile: PakFile PrimaryIndexSize=187
[2022.04.14-09.51.06:525][  0]LogPakFile: PakFile PathHashIndexSize=101
[2022.04.14-09.51.06:525][  0]LogPakFile: PakFile FullDirectoryIndexSize=148
[2022.04.14-09.51.06:525][  0]LogShaderLibrary: Display: ShaderCodeLibraryPakFileMountedCallback: PakFile 'C:/Program Files/Epic Games/UE_4.27/FeaturePacks/FP_FirstPerson.upack' (chunk index -1, root 'root:/') mounted
[2022.04.14-09.51.06:525][  0]LogShaderLibrary: Display: ShaderCodeLibraryPakFileMountedCallback: pending pak file info (ChunkID:-1 Root:root:/ File:C:/Program Files/Epic Games/UE_4.27/FeaturePacks/FP_FirstPerson.upack)
[2022.04.14-09.51.06:525][  0]LogPakFile: OnPakFileMounted2Time == 0.000049
[2022.04.14-09.51.06:532][  0]LogPakFile: PakFile PrimaryIndexSize=189
[2022.04.14-09.51.06:533][  0]LogPakFile: PakFile PathHashIndexSize=101
[2022.04.14-09.51.06:533][  0]LogPakFile: PakFile FullDirectoryIndexSize=152
[2022.04.14-09.51.06:533][  0]LogShaderLibrary: Display: ShaderCodeLibraryPakFileMountedCallback: PakFile 'C:/Program Files/Epic Games/UE_4.27/FeaturePacks/FP_FirstPersonBP.upack' (chunk index -1, root 'root:/') mounted
[2022.04.14-09.51.06:533][  0]LogShaderLibrary: Display: ShaderCodeLibraryPakFileMountedCallback: pending pak file info (ChunkID:-1 Root:root:/ File:C:/Program Files/Epic Games/UE_4.27/FeaturePacks/FP_FirstPersonBP.upack)
[2022.04.14-09.51.06:533][  0]LogPakFile: OnPakFileMounted2Time == 0.000060
[2022.04.14-09.51.06:537][  0]LogPakFile: PakFile PrimaryIndexSize=191
[2022.04.14-09.51.06:537][  0]LogPakFile: PakFile PathHashIndexSize=101
[2022.04.14-09.51.06:537][  0]LogPakFile: PakFile FullDirectoryIndexSize=160
[2022.04.14-09.51.06:537][  0]LogShaderLibrary: Display: ShaderCodeLibraryPakFileMountedCallback: PakFile 'C:/Program Files/Epic Games/UE_4.27/FeaturePacks/MobileStarterContent.upack' (chunk index -1, root 'root:/') mounted
[2022.04.14-09.51.06:537][  0]LogShaderLibrary: Display: ShaderCodeLibraryPakFileMountedCallback: pending pak file info (ChunkID:-1 Root:root:/ File:C:/Program Files/Epic Games/UE_4.27/FeaturePacks/MobileStarterContent.upack)
[2022.04.14-09.51.06:538][  0]LogPakFile: OnPakFileMounted2Time == 0.000060
[2022.04.14-09.51.06:543][  0]LogPakFile: PakFile PrimaryIndexSize=185
[2022.04.14-09.51.06:543][  0]LogPakFile: PakFile PathHashIndexSize=101
[2022.04.14-09.51.06:543][  0]LogPakFile: PakFile FullDirectoryIndexSize=148
[2022.04.14-09.51.06:543][  0]LogShaderLibrary: Display: ShaderCodeLibraryPakFileMountedCallback: PakFile 'C:/Program Files/Epic Games/UE_4.27/FeaturePacks/StarterContent.upack' (chunk index -1, root 'root:/') mounted
[2022.04.14-09.51.06:543][  0]LogShaderLibrary: Display: ShaderCodeLibraryPakFileMountedCallback: pending pak file info (ChunkID:-1 Root:root:/ File:C:/Program Files/Epic Games/UE_4.27/FeaturePacks/StarterContent.upack)
[2022.04.14-09.51.06:543][  0]LogPakFile: OnPakFileMounted2Time == 0.000054
[2022.04.14-09.51.06:549][  0]LogPakFile: PakFile PrimaryIndexSize=190
[2022.04.14-09.51.06:549][  0]LogPakFile: PakFile PathHashIndexSize=101
[2022.04.14-09.51.06:549][  0]LogPakFile: PakFile FullDirectoryIndexSize=154
[2022.04.14-09.51.06:549][  0]LogShaderLibrary: Display: ShaderCodeLibraryPakFileMountedCallback: PakFile 'C:/Program Files/Epic Games/UE_4.27/FeaturePacks/TP_2DSideScroller.upack' (chunk index -1, root 'root:/') mounted
[2022.04.14-09.51.06:549][  0]LogShaderLibrary: Display: ShaderCodeLibraryPakFileMountedCallback: pending pak file info (ChunkID:-1 Root:root:/ File:C:/Program Files/Epic Games/UE_4.27/FeaturePacks/TP_2DSideScroller.upack)
[2022.04.14-09.51.06:549][  0]LogPakFile: OnPakFileMounted2Time == 0.000080
[2022.04.14-09.51.06:553][  0]LogPakFile: PakFile PrimaryIndexSize=192
[2022.04.14-09.51.06:553][  0]LogPakFile: PakFile PathHashIndexSize=101
[2022.04.14-09.51.06:553][  0]LogPakFile: PakFile FullDirectoryIndexSize=158
[2022.04.14-09.51.06:553][  0]LogShaderLibrary: Display: ShaderCodeLibraryPakFileMountedCallback: PakFile 'C:/Program Files/Epic Games/UE_4.27/FeaturePacks/TP_2DSideScrollerBP.upack' (chunk index -1, root 'root:/') mounted
[2022.04.14-09.51.06:553][  0]LogShaderLibrary: Display: ShaderCodeLibraryPakFileMountedCallback: pending pak file info (ChunkID:-1 Root:root:/ File:C:/Program Files/Epic Games/UE_4.27/FeaturePacks/TP_2DSideScrollerBP.upack)
[2022.04.14-09.51.06:553][  0]LogPakFile: OnPakFileMounted2Time == 0.000030
[2022.04.14-09.51.06:557][  0]LogPakFile: PakFile PrimaryIndexSize=182
[2022.04.14-09.51.06:557][  0]LogPakFile: PakFile PathHashIndexSize=101
[2022.04.14-09.51.06:557][  0]LogPakFile: PakFile FullDirectoryIndexSize=138
[2022.04.14-09.51.06:557][  0]LogShaderLibrary: Display: ShaderCodeLibraryPakFileMountedCallback: PakFile 'C:/Program Files/Epic Games/UE_4.27/FeaturePacks/TP_Flying.upack' (chunk index -1, root 'root:/') mounted
[2022.04.14-09.51.06:557][  0]LogShaderLibrary: Display: ShaderCodeLibraryPakFileMountedCallback: pending pak file info (ChunkID:-1 Root:root:/ File:C:/Program Files/Epic Games/UE_4.27/FeaturePacks/TP_Flying.upack)
[2022.04.14-09.51.06:557][  0]LogPakFile: OnPakFileMounted2Time == 0.000028
[2022.04.14-09.51.06:562][  0]LogPakFile: PakFile PrimaryIndexSize=184
[2022.04.14-09.51.06:562][  0]LogPakFile: PakFile PathHashIndexSize=101
[2022.04.14-09.51.06:562][  0]LogPakFile: PakFile FullDirectoryIndexSize=142
[2022.04.14-09.51.06:562][  0]LogShaderLibrary: Display: ShaderCodeLibraryPakFileMountedCallback: PakFile 'C:/Program Files/Epic Games/UE_4.27/FeaturePacks/TP_FlyingBP.upack' (chunk index -1, root 'root:/') mounted
[2022.04.14-09.51.06:562][  0]LogShaderLibrary: Display: ShaderCodeLibraryPakFileMountedCallback: pending pak file info (ChunkID:-1 Root:root:/ File:C:/Program Files/Epic Games/UE_4.27/FeaturePacks/TP_FlyingBP.upack)
[2022.04.14-09.51.06:562][  0]LogPakFile: OnPakFileMounted2Time == 0.000048
[2022.04.14-09.51.06:569][  0]LogPakFile: PakFile PrimaryIndexSize=188
[2022.04.14-09.51.06:569][  0]LogPakFile: PakFile PathHashIndexSize=101
[2022.04.14-09.51.06:569][  0]LogPakFile: PakFile FullDirectoryIndexSize=150
[2022.04.14-09.51.06:569][  0]LogShaderLibrary: Display: ShaderCodeLibraryPakFileMountedCallback: PakFile 'C:/Program Files/Epic Games/UE_4.27/FeaturePacks/TP_HandheldARBP.upack' (chunk index -1, root 'root:/') mounted
[2022.04.14-09.51.06:569][  0]LogShaderLibrary: Display: ShaderCodeLibraryPakFileMountedCallback: pending pak file info (ChunkID:-1 Root:root:/ File:C:/Program Files/Epic Games/UE_4.27/FeaturePacks/TP_HandheldARBP.upack)
[2022.04.14-09.51.06:569][  0]LogPakFile: OnPakFileMounted2Time == 0.000046
[2022.04.14-09.51.06:575][  0]LogPakFile: PakFile PrimaryIndexSize=182
[2022.04.14-09.51.06:575][  0]LogPakFile: PakFile PathHashIndexSize=101
[2022.04.14-09.51.06:575][  0]LogPakFile: PakFile FullDirectoryIndexSize=138
[2022.04.14-09.51.06:575][  0]LogShaderLibrary: Display: ShaderCodeLibraryPakFileMountedCallback: PakFile 'C:/Program Files/Epic Games/UE_4.27/FeaturePacks/TP_Puzzle.upack' (chunk index -1, root 'root:/') mounted
[2022.04.14-09.51.06:575][  0]LogShaderLibrary: Display: ShaderCodeLibraryPakFileMountedCallback: pending pak file info (ChunkID:-1 Root:root:/ File:C:/Program Files/Epic Games/UE_4.27/FeaturePacks/TP_Puzzle.upack)
[2022.04.14-09.51.06:575][  0]LogPakFile: OnPakFileMounted2Time == 0.000049
[2022.04.14-09.51.06:579][  0]LogPakFile: PakFile PrimaryIndexSize=184
[2022.04.14-09.51.06:579][  0]LogPakFile: PakFile PathHashIndexSize=101
[2022.04.14-09.51.06:579][  0]LogPakFile: PakFile FullDirectoryIndexSize=142
[2022.04.14-09.51.06:579][  0]LogShaderLibrary: Display: ShaderCodeLibraryPakFileMountedCallback: PakFile 'C:/Program Files/Epic Games/UE_4.27/FeaturePacks/TP_PuzzleBP.upack' (chunk index -1, root 'root:/') mounted
[2022.04.14-09.51.06:579][  0]LogShaderLibrary: Display: ShaderCodeLibraryPakFileMountedCallback: pending pak file info (ChunkID:-1 Root:root:/ File:C:/Program Files/Epic Games/UE_4.27/FeaturePacks/TP_PuzzleBP.upack)
[2022.04.14-09.51.06:579][  0]LogPakFile: OnPakFileMounted2Time == 0.000045
[2022.04.14-09.51.06:585][  0]LogPakFile: PakFile PrimaryIndexSize=183
[2022.04.14-09.51.06:586][  0]LogPakFile: PakFile PathHashIndexSize=101
[2022.04.14-09.51.06:586][  0]LogPakFile: PakFile FullDirectoryIndexSize=140
[2022.04.14-09.51.06:586][  0]LogShaderLibrary: Display: ShaderCodeLibraryPakFileMountedCallback: PakFile 'C:/Program Files/Epic Games/UE_4.27/FeaturePacks/TP_Rolling.upack' (chunk index -1, root 'root:/') mounted
[2022.04.14-09.51.06:586][  0]LogShaderLibrary: Display: ShaderCodeLibraryPakFileMountedCallback: pending pak file info (ChunkID:-1 Root:root:/ File:C:/Program Files/Epic Games/UE_4.27/FeaturePacks/TP_Rolling.upack)
[2022.04.14-09.51.06:586][  0]LogPakFile: OnPakFileMounted2Time == 0.000029
[2022.04.14-09.51.06:589][  0]LogPakFile: PakFile PrimaryIndexSize=185
[2022.04.14-09.51.06:589][  0]LogPakFile: PakFile PathHashIndexSize=101
[2022.04.14-09.51.06:589][  0]LogPakFile: PakFile FullDirectoryIndexSize=144
[2022.04.14-09.51.06:589][  0]LogShaderLibrary: Display: ShaderCodeLibraryPakFileMountedCallback: PakFile 'C:/Program Files/Epic Games/UE_4.27/FeaturePacks/TP_RollingBP.upack' (chunk index -1, root 'root:/') mounted
[2022.04.14-09.51.06:589][  0]LogShaderLibrary: Display: ShaderCodeLibraryPakFileMountedCallback: pending pak file info (ChunkID:-1 Root:root:/ File:C:/Program Files/Epic Games/UE_4.27/FeaturePacks/TP_RollingBP.upack)
[2022.04.14-09.51.06:589][  0]LogPakFile: OnPakFileMounted2Time == 0.000027
[2022.04.14-09.51.06:593][  0]LogPakFile: PakFile PrimaryIndexSize=188
[2022.04.14-09.51.06:593][  0]LogPakFile: PakFile PathHashIndexSize=101
[2022.04.14-09.51.06:593][  0]LogPakFile: PakFile FullDirectoryIndexSize=150
[2022.04.14-09.51.06:593][  0]LogShaderLibrary: Display: ShaderCodeLibraryPakFileMountedCallback: PakFile 'C:/Program Files/Epic Games/UE_4.27/FeaturePacks/TP_SideScroller.upack' (chunk index -1, root 'root:/') mounted
[2022.04.14-09.51.06:593][  0]LogShaderLibrary: Display: ShaderCodeLibraryPakFileMountedCallback: pending pak file info (ChunkID:-1 Root:root:/ File:C:/Program Files/Epic Games/UE_4.27/FeaturePacks/TP_SideScroller.upack)
[2022.04.14-09.51.06:593][  0]LogPakFile: OnPakFileMounted2Time == 0.000043
[2022.04.14-09.51.06:597][  0]LogPakFile: PakFile PrimaryIndexSize=190
[2022.04.14-09.51.06:597][  0]LogPakFile: PakFile PathHashIndexSize=101
[2022.04.14-09.51.06:597][  0]LogPakFile: PakFile FullDirectoryIndexSize=154
[2022.04.14-09.51.06:597][  0]LogShaderLibrary: Display: ShaderCodeLibraryPakFileMountedCallback: PakFile 'C:/Program Files/Epic Games/UE_4.27/FeaturePacks/TP_SideScrollerBP.upack' (chunk index -1, root 'root:/') mounted
[2022.04.14-09.51.06:597][  0]LogShaderLibrary: Display: ShaderCodeLibraryPakFileMountedCallback: pending pak file info (ChunkID:-1 Root:root:/ File:C:/Program Files/Epic Games/UE_4.27/FeaturePacks/TP_SideScrollerBP.upack)
[2022.04.14-09.51.06:597][  0]LogPakFile: OnPakFileMounted2Time == 0.000042
[2022.04.14-09.51.06:602][  0]LogPakFile: PakFile PrimaryIndexSize=187
[2022.04.14-09.51.06:602][  0]LogPakFile: PakFile PathHashIndexSize=101
[2022.04.14-09.51.06:602][  0]LogPakFile: PakFile FullDirectoryIndexSize=148
[2022.04.14-09.51.06:602][  0]LogShaderLibrary: Display: ShaderCodeLibraryPakFileMountedCallback: PakFile 'C:/Program Files/Epic Games/UE_4.27/FeaturePacks/TP_ThirdPerson.upack' (chunk index -1, root 'root:/') mounted
[2022.04.14-09.51.06:602][  0]LogShaderLibrary: Display: ShaderCodeLibraryPakFileMountedCallback: pending pak file info (ChunkID:-1 Root:root:/ File:C:/Program Files/Epic Games/UE_4.27/FeaturePacks/TP_ThirdPerson.upack)
[2022.04.14-09.51.06:602][  0]LogPakFile: OnPakFileMounted2Time == 0.000027
[2022.04.14-09.51.06:607][  0]LogPakFile: PakFile PrimaryIndexSize=189
[2022.04.14-09.51.06:607][  0]LogPakFile: PakFile PathHashIndexSize=101
[2022.04.14-09.51.06:607][  0]LogPakFile: PakFile FullDirectoryIndexSize=152
[2022.04.14-09.51.06:607][  0]LogShaderLibrary: Display: ShaderCodeLibraryPakFileMountedCallback: PakFile 'C:/Program Files/Epic Games/UE_4.27/FeaturePacks/TP_ThirdPersonBP.upack' (chunk index -1, root 'root:/') mounted
[2022.04.14-09.51.06:607][  0]LogShaderLibrary: Display: ShaderCodeLibraryPakFileMountedCallback: pending pak file info (ChunkID:-1 Root:root:/ File:C:/Program Files/Epic Games/UE_4.27/FeaturePacks/TP_ThirdPersonBP.upack)
[2022.04.14-09.51.06:607][  0]LogPakFile: OnPakFileMounted2Time == 0.000043
[2022.04.14-09.51.06:611][  0]LogPakFile: PakFile PrimaryIndexSize=183
[2022.04.14-09.51.06:611][  0]LogPakFile: PakFile PathHashIndexSize=101
[2022.04.14-09.51.06:611][  0]LogPakFile: PakFile FullDirectoryIndexSize=140
[2022.04.14-09.51.06:611][  0]LogShaderLibrary: Display: ShaderCodeLibraryPakFileMountedCallback: PakFile 'C:/Program Files/Epic Games/UE_4.27/FeaturePacks/TP_TopDown.upack' (chunk index -1, root 'root:/') mounted
[2022.04.14-09.51.06:611][  0]LogShaderLibrary: Display: ShaderCodeLibraryPakFileMountedCallback: pending pak file info (ChunkID:-1 Root:root:/ File:C:/Program Files/Epic Games/UE_4.27/FeaturePacks/TP_TopDown.upack)
[2022.04.14-09.51.06:611][  0]LogPakFile: OnPakFileMounted2Time == 0.000054
[2022.04.14-09.51.06:618][  0]LogPakFile: PakFile PrimaryIndexSize=185
[2022.04.14-09.51.06:618][  0]LogPakFile: PakFile PathHashIndexSize=101
[2022.04.14-09.51.06:618][  0]LogPakFile: PakFile FullDirectoryIndexSize=144
[2022.04.14-09.51.06:618][  0]LogShaderLibrary: Display: ShaderCodeLibraryPakFileMountedCallback: PakFile 'C:/Program Files/Epic Games/UE_4.27/FeaturePacks/TP_TopDownBP.upack' (chunk index -1, root 'root:/') mounted
[2022.04.14-09.51.06:618][  0]LogShaderLibrary: Display: ShaderCodeLibraryPakFileMountedCallback: pending pak file info (ChunkID:-1 Root:root:/ File:C:/Program Files/Epic Games/UE_4.27/FeaturePacks/TP_TopDownBP.upack)
[2022.04.14-09.51.06:618][  0]LogPakFile: OnPakFileMounted2Time == 0.000031
[2022.04.14-09.51.06:627][  0]LogPakFile: PakFile PrimaryIndexSize=185
[2022.04.14-09.51.06:627][  0]LogPakFile: PakFile PathHashIndexSize=101
[2022.04.14-09.51.06:627][  0]LogPakFile: PakFile FullDirectoryIndexSize=144
[2022.04.14-09.51.06:627][  0]LogShaderLibrary: Display: ShaderCodeLibraryPakFileMountedCallback: PakFile 'C:/Program Files/Epic Games/UE_4.27/FeaturePacks/TP_TwinStick.upack' (chunk index -1, root 'root:/') mounted
[2022.04.14-09.51.06:627][  0]LogShaderLibrary: Display: ShaderCodeLibraryPakFileMountedCallback: pending pak file info (ChunkID:-1 Root:root:/ File:C:/Program Files/Epic Games/UE_4.27/FeaturePacks/TP_TwinStick.upack)
[2022.04.14-09.51.06:627][  0]LogPakFile: OnPakFileMounted2Time == 0.000031
[2022.04.14-09.51.06:630][  0]LogPakFile: PakFile PrimaryIndexSize=187
[2022.04.14-09.51.06:630][  0]LogPakFile: PakFile PathHashIndexSize=101
[2022.04.14-09.51.06:630][  0]LogPakFile: PakFile FullDirectoryIndexSize=148
[2022.04.14-09.51.06:630][  0]LogShaderLibrary: Display: ShaderCodeLibraryPakFileMountedCallback: PakFile 'C:/Program Files/Epic Games/UE_4.27/FeaturePacks/TP_TwinStickBP.upack' (chunk index -1, root 'root:/') mounted
[2022.04.14-09.51.06:630][  0]LogShaderLibrary: Display: ShaderCodeLibraryPakFileMountedCallback: pending pak file info (ChunkID:-1 Root:root:/ File:C:/Program Files/Epic Games/UE_4.27/FeaturePacks/TP_TwinStickBP.upack)
[2022.04.14-09.51.06:630][  0]LogPakFile: OnPakFileMounted2Time == 0.000045
[2022.04.14-09.51.06:635][  0]LogPakFile: PakFile PrimaryIndexSize=183
[2022.04.14-09.51.06:635][  0]LogPakFile: PakFile PathHashIndexSize=101
[2022.04.14-09.51.06:635][  0]LogPakFile: PakFile FullDirectoryIndexSize=140
[2022.04.14-09.51.06:635][  0]LogShaderLibrary: Display: ShaderCodeLibraryPakFileMountedCallback: PakFile 'C:/Program Files/Epic Games/UE_4.27/FeaturePacks/TP_Vehicle.upack' (chunk index -1, root 'root:/') mounted
[2022.04.14-09.51.06:635][  0]LogShaderLibrary: Display: ShaderCodeLibraryPakFileMountedCallback: pending pak file info (ChunkID:-1 Root:root:/ File:C:/Program Files/Epic Games/UE_4.27/FeaturePacks/TP_Vehicle.upack)
[2022.04.14-09.51.06:635][  0]LogPakFile: OnPakFileMounted2Time == 0.000029
[2022.04.14-09.51.06:638][  0]LogPakFile: PakFile PrimaryIndexSize=186
[2022.04.14-09.51.06:638][  0]LogPakFile: PakFile PathHashIndexSize=101
[2022.04.14-09.51.06:638][  0]LogPakFile: PakFile FullDirectoryIndexSize=146
[2022.04.14-09.51.06:638][  0]LogShaderLibrary: Display: ShaderCodeLibraryPakFileMountedCallback: PakFile 'C:/Program Files/Epic Games/UE_4.27/FeaturePacks/TP_VehicleAdv.upack' (chunk index -1, root 'root:/') mounted
[2022.04.14-09.51.06:638][  0]LogShaderLibrary: Display: ShaderCodeLibraryPakFileMountedCallback: pending pak file info (ChunkID:-1 Root:root:/ File:C:/Program Files/Epic Games/UE_4.27/FeaturePacks/TP_VehicleAdv.upack)
[2022.04.14-09.51.06:638][  0]LogPakFile: OnPakFileMounted2Time == 0.000027
[2022.04.14-09.51.06:643][  0]LogPakFile: PakFile PrimaryIndexSize=188
[2022.04.14-09.51.06:643][  0]LogPakFile: PakFile PathHashIndexSize=101
[2022.04.14-09.51.06:643][  0]LogPakFile: PakFile FullDirectoryIndexSize=150
[2022.04.14-09.51.06:643][  0]LogShaderLibrary: Display: ShaderCodeLibraryPakFileMountedCallback: PakFile 'C:/Program Files/Epic Games/UE_4.27/FeaturePacks/TP_VehicleAdvBP.upack' (chunk index -1, root 'root:/') mounted
[2022.04.14-09.51.06:643][  0]LogShaderLibrary: Display: ShaderCodeLibraryPakFileMountedCallback: pending pak file info (ChunkID:-1 Root:root:/ File:C:/Program Files/Epic Games/UE_4.27/FeaturePacks/TP_VehicleAdvBP.upack)
[2022.04.14-09.51.06:643][  0]LogPakFile: OnPakFileMounted2Time == 0.000039
[2022.04.14-09.51.06:648][  0]LogPakFile: PakFile PrimaryIndexSize=185
[2022.04.14-09.51.06:648][  0]LogPakFile: PakFile PathHashIndexSize=101
[2022.04.14-09.51.06:648][  0]LogPakFile: PakFile FullDirectoryIndexSize=144
[2022.04.14-09.51.06:648][  0]LogShaderLibrary: Display: ShaderCodeLibraryPakFileMountedCallback: PakFile 'C:/Program Files/Epic Games/UE_4.27/FeaturePacks/TP_VehicleBP.upack' (chunk index -1, root 'root:/') mounted
[2022.04.14-09.51.06:648][  0]LogShaderLibrary: Display: ShaderCodeLibraryPakFileMountedCallback: pending pak file info (ChunkID:-1 Root:root:/ File:C:/Program Files/Epic Games/UE_4.27/FeaturePacks/TP_VehicleBP.upack)
[2022.04.14-09.51.06:648][  0]LogPakFile: OnPakFileMounted2Time == 0.000026
[2022.04.14-09.51.06:654][  0]LogPakFile: PakFile PrimaryIndexSize=192
[2022.04.14-09.51.06:654][  0]LogPakFile: PakFile PathHashIndexSize=101
[2022.04.14-09.51.06:654][  0]LogPakFile: PakFile FullDirectoryIndexSize=158
[2022.04.14-09.51.06:654][  0]LogShaderLibrary: Display: ShaderCodeLibraryPakFileMountedCallback: PakFile 'C:/Program Files/Epic Games/UE_4.27/FeaturePacks/TP_VirtualRealityBP.upack' (chunk index -1, root 'root:/') mounted
[2022.04.14-09.51.06:654][  0]LogShaderLibrary: Display: ShaderCodeLibraryPakFileMountedCallback: pending pak file info (ChunkID:-1 Root:root:/ File:C:/Program Files/Epic Games/UE_4.27/FeaturePacks/TP_VirtualRealityBP.upack)
[2022.04.14-09.51.06:654][  0]LogPakFile: OnPakFileMounted2Time == 0.000046
[2022.04.14-09.51.06:806][  0]LogNativeClassHierarchy: Verbose: Native class hierarchy updated for 'AddContentDialog' in 0.0003 seconds. Added 0 classes and 0 folders.
[2022.04.14-09.51.06:811][  0]LogNativeClassHierarchy: Verbose: Native class hierarchy updated for 'SceneOutliner' in 0.0004 seconds. Added 2 classes and 0 folders.
[2022.04.14-09.51.07:052][  0]LogSlate: Took 0.005744 seconds to synchronously load lazily loaded font '../../../Engine/Content/Slate/Fonts/Roboto-Regular.ttf' (155K)
[2022.04.14-09.51.07:060][  0]LogSlate: Took 0.006247 seconds to synchronously load lazily loaded font '../../../Engine/Content/Editor/Slate/Fonts/FontAwesome.ttf' (139K)
[2022.04.14-09.51.07:067][  0]LogSlate: Took 0.005625 seconds to synchronously load lazily loaded font '../../../Engine/Content/Slate/Fonts/Roboto-Bold.ttf' (160K)
[2022.04.14-09.51.07:235][  0]LogRenderer: Reallocating scene render targets to support 1208x572 Format 10 NumSamples 1 (Frame:1).
[2022.04.14-09.51.08:408][  0]LogNativeClassHierarchy: Verbose: Native class hierarchy updated for 'HierarchicalLODOutliner' in 0.0005 seconds. Added 0 classes and 0 folders.
[2022.04.14-09.51.08:408][  0]LogLoad: (Engine Initialization) Total time: 19.48 seconds
[2022.04.14-09.51.08:408][  0]LogLoad: (Engine Initialization) Total Blueprint compile time: 0.00 seconds
[2022.04.14-09.51.08:480][  0]LogContentStreaming: Texture pool size now 1000 MB
[2022.04.14-09.51.08:515][  1]LogAssetRegistry: Asset discovery search completed in 11.1377 seconds
[2022.04.14-09.51.08:522][  1]LogCollectionManager: Fixed up redirectors for 0 collections in 0.000006 seconds (updated 0 objects)
[2022.04.14-09.51.08:672][  3]LogSlate: Took 0.006556 seconds to synchronously load lazily loaded font '../../../Engine/Content/Slate/Fonts/Roboto-Light.ttf' (167K)
[2022.04.14-09.51.36:056][195]LogEditorViewport: Clicking on Actor (LMB): StaticMeshActor (Floor)
[2022.04.14-09.51.38:396][447]LogEditorViewport: Clicking on Actor (LMB): StaticMeshActor (Floor)
[2022.04.14-09.51.39:770][605]LogTemp: Repeating last play command: Selected Viewport
[2022.04.14-09.51.39:778][605]LogPlayLevel: PlayLevel: No blueprints needed recompiling
[2022.04.14-09.51.39:780][605]PIE: New page: PIE session: DevSandbox (14 Apr 2022, 13:51:39)
[2022.04.14-09.51.39:782][605]LogOnline: OSS: Creating online subsystem instance for: NULL
[2022.04.14-09.51.39:783][605]LogOnline: OSS: TryLoadSubsystemAndSetDefault: Loaded subsystem for module [NULL]
[2022.04.14-09.51.39:783][605]LogPlayLevel: Creating play world package: /Game/Data/Maps/UEDPIE_0_DevSandbox
[2022.04.14-09.51.39:788][605]LogPlayLevel: PIE: StaticDuplicateObject took: (0.004202s)
[2022.04.14-09.51.39:789][605]LogAIModule: Creating AISystem for world DevSandbox
[2022.04.14-09.51.39:790][605]LogPlayLevel: PIE: World Init took: (0.001523s)
[2022.04.14-09.51.39:790][605]LogPlayLevel: PIE: Created PIE world by copying editor world from /Game/Data/Maps/DevSandbox.DevSandbox to /Game/Data/Maps/UEDPIE_0_DevSandbox.DevSandbox (0.006023s)
[2022.04.14-09.51.39:794][605]LogUObjectHash: Compacting FUObjectHashTables data took   0.57ms
[2022.04.14-09.51.39:795][605]LogAudio: Display: Creating Audio Device:                 Id: 2, Scope: Unique, Realtime: True
[2022.04.14-09.51.39:795][605]LogAudioMixer: Display: Audio Mixer Platform Settings:
[2022.04.14-09.51.39:795][605]LogAudioMixer: Display: 	Sample Rate:						  48000
[2022.04.14-09.51.39:795][605]LogAudioMixer: Display: 	Callback Buffer Frame Size Requested: 256
[2022.04.14-09.51.39:795][605]LogAudioMixer: Display: 	Callback Buffer Frame Size To Use:	  256
[2022.04.14-09.51.39:795][605]LogAudioMixer: Display: 	Number of buffers to queue:			  7
[2022.04.14-09.51.39:795][605]LogAudioMixer: Display: 	Max Channels (voices):				  32
[2022.04.14-09.51.39:795][605]LogAudioMixer: Display: 	Number of Async Source Workers:		  0
[2022.04.14-09.51.39:795][605]LogAudio: Display: AudioDevice MaxSources: 32
[2022.04.14-09.51.39:795][605]LogAudio: Display: Audio Spatialization Plugin: None (built-in).
[2022.04.14-09.51.39:795][605]LogAudio: Display: Audio Reverb Plugin: None (built-in).
[2022.04.14-09.51.39:795][605]LogAudio: Display: Audio Occlusion Plugin: None (built-in).
[2022.04.14-09.51.39:795][605]LogAudioMixer: Display: Initializing audio mixer.
[2022.04.14-09.51.39:802][605]LogAudioMixer: Display: 0: FrontLeft
[2022.04.14-09.51.39:802][605]LogAudioMixer: Display: 1: FrontRight
[2022.04.14-09.51.39:842][605]LogAudioMixer: Display: Using Audio Device Headphones (2- Arctis Pro Wireless Game)
[2022.04.14-09.51.39:842][605]LogAudioMixer: Display: Initializing Sound Submixes...
[2022.04.14-09.51.39:842][605]LogAudioMixer: Display: Creating Master Submix 'MasterSubmixDefault'
[2022.04.14-09.51.39:842][605]LogAudioMixer: Display: Creating Master Submix 'MasterReverbSubmixDefault'
[2022.04.14-09.51.39:843][605]LogAudioMixer: Display: Creating Master Submix 'MasterEQSubmixDefault'
[2022.04.14-09.51.39:843][605]LogAudioMixer: FMixerPlatformXAudio2::StartAudioStream() called
[2022.04.14-09.51.39:843][605]LogAudioMixer: Display: Output buffers initialized: Frames=256, Channels=2, Samples=512
[2022.04.14-09.51.39:844][605]LogAudioMixer: Display: Starting AudioMixerPlatformInterface::RunInternal()
[2022.04.14-09.51.39:844][605]LogAudioMixer: Display: FMixerPlatformXAudio2::SubmitBuffer() called for the first time
[2022.04.14-09.51.39:844][605]LogInit: FAudioDevice initialized.
[2022.04.14-09.51.39:844][605]LogAudio: Display: Audio Device (ID: 2) registered with world 'DevSandbox'.
[2022.04.14-09.51.39:856][605]LogLoad: Game class is 'BP_TopDownGameMode_C'
[2022.04.14-09.51.39:858][605]LogWorld: Bringing World /Game/Data/Maps/UEDPIE_0_DevSandbox.DevSandbox up for play (max tick rate 0) at 2022.04.14-11.51.39
[2022.04.14-09.51.39:860][605]LogWorld: Bringing up level for play took: 0.003154
[2022.04.14-09.51.39:860][605]LogOnline: OSS: Creating online subsystem instance for: :Context_3
[2022.04.14-09.51.39:867][605]LogNativeClassHierarchy: Verbose: Native class hierarchy updated for 'MovieSceneCapture' in 0.0003 seconds. Added 20 classes and 0 folders.
[2022.04.14-09.51.39:867][605]LogGameMode: Display: Match State Changed from EnteringMap to WaitingToStart
[2022.04.14-09.51.39:867][605]LogGameState: Match State Changed from EnteringMap to WaitingToStart
[2022.04.14-09.51.39:867][605]LogGameMode: Display: Match State Changed from WaitingToStart to InProgress
[2022.04.14-09.51.39:870][605]LogGameState: Match State Changed from WaitingToStart to InProgress
[2022.04.14-09.51.39:870][605]PIE: Server logged in
[2022.04.14-09.51.39:872][605]PIE: Play in editor total start time 0,098 seconds.
[2022.04.14-09.52.03:480][423]LogSlate: Took 0.004153 seconds to synchronously load lazily loaded font '../../../Engine/Content/Slate/Fonts/Roboto-Italic.ttf' (157K)
